2 path.c:128 0x123f92a9 24
4 path.c:254 0x123f92a9 24
2 path.c:128 0x123fb4c9 24
1 dynarray.c:84 0x123f92a9 24
2 dynarray.c:95 0x123fb4f9 16
2 path.c:90 0x123fb529 6
1 path.c:143 0x123fb549 6
4 path.c:246 0x123fb549 6
4 path.c:31 0x123fb529 6
4 dynarray.c:112 0x123fb4f9 16
4 dynarray.c:113 0x123f92a9 24
4 path.c:254 0x123fb4c9 24
1 dynarray.c:84 0x123fb4c9 24
2 dynarray.c:95 0x123fb569 16
1 bdtBad5.c:662 0x123fb529 1
4 dynarray.c:112 0x123fb569 16
4 dynarray.c:113 0x123fb4c9 24
4 bdt_client.c:39 0x123fb529 1
2 path.c:128 0x123fb599 24
4 path.c:254 0x123fb599 24
2 path.c:128 0x123fb5c9 24
1 dynarray.c:84 0x123fb599 24
2 dynarray.c:95 0x123fb5f9 16
4 dynarray.c:112 0x123fb5f9 16
4 dynarray.c:113 0x123fb599 24
4 path.c:254 0x123fb5c9 24
2 path.c:128 0x123fb629 24
1 dynarray.c:84 0x123fb5c9 24
2 dynarray.c:95 0x123fb659 16
2 path.c:90 0x123fb689 6
2 path.c:90 0x123fb6a9 7
4 path.c:31 0x123fb689 6
4 path.c:31 0x123fb6a9 7
4 dynarray.c:112 0x123fb659 16
4 dynarray.c:113 0x123fb5c9 24
4 path.c:254 0x123fb629 24
2 path.c:128 0x123fb629 24
1 dynarray.c:84 0x123fb659 24
2 dynarray.c:95 0x123fb5c9 16
2 path.c:90 0x123fb6c9 6
4 path.c:31 0x123fb6c9 6
4 dynarray.c:112 0x123fb5c9 16
4 dynarray.c:113 0x123fb659 24
4 path.c:254 0x123fb629 24
2 path.c:128 0x123fb629 24
1 dynarray.c:84 0x123fb5c9 24
2 dynarray.c:95 0x123fb659 16
2 path.c:90 0x123fb6e9 6
1 path.c:143 0x123fb6c9 6
2 path.c:178 0x123fb709 24
1 dynarray.c:84 0x123fb599 24
2 dynarray.c:95 0x123fb739 16
2 path.c:191 0x123fb769 6
2 path.c:205 0x123fb789 6
3 path.c:223 0x123fb769 0x123fb769 6 6
1 bdtBad5.c:143 0x123fb7a9 32
2 path.c:178 0x123fb7e9 24
1 dynarray.c:84 0x123fb5f9 24
2 dynarray.c:95 0x123fb819 16
2 path.c:191 0x123fb849 6
2 path.c:205 0x123fb869 6
3 path.c:223 0x123fb849 0x123fb849 6 6
4 path.c:246 0x123fb769 6
4 path.c:31 0x123fb789 6
4 dynarray.c:112 0x123fb739 16
4 dynarray.c:113 0x123fb599 24
4 path.c:254 0x123fb709 24
4 path.c:246 0x123fb6c9 6
4 path.c:31 0x123fb6e9 6
4 dynarray.c:112 0x123fb659 16
4 dynarray.c:113 0x123fb5c9 24
4 path.c:254 0x123fb629 24
2 path.c:128 0x123fb629 24
1 dynarray.c:84 0x123fb709 24
2 dynarray.c:95 0x123fb5c9 16
2 path.c:90 0x123fb6e9 6
2 path.c:90 0x123fb889 7
2 path.c:90 0x123fb8a9 12
3 dynarray.c:69 0x123fb8c9 0x123fb5c9 16 32
1 path.c:143 0x123fb659 25
2 path.c:178 0x123fb5c9 24
1 dynarray.c:84 0x123fb599 24
2 dynarray.c:95 0x123fb909 16
2 path.c:191 0x123fb939 25
2 path.c:205 0x123fb969 6
3 path.c:223 0x123fb939 0x123fb939 25 6
4 path.c:246 0x123fb939 6
4 path.c:31 0x123fb969 6
4 dynarray.c:112 0x123fb909 16
4 dynarray.c:113 0x123fb599 24
4 path.c:254 0x123fb5c9 24
2 path.c:178 0x123fb5c9 24
1 dynarray.c:84 0x123fb909 24
2 dynarray.c:95 0x123fb599 16
2 path.c:191 0x123fb989 25
2 path.c:205 0x123fb969 6
2 path.c:205 0x123fb9b9 7
3 path.c:223 0x123fb989 0x123fb989 25 13
4 path.c:246 0x123fb989 13
4 path.c:31 0x123fb969 6
4 path.c:31 0x123fb9b9 7
4 dynarray.c:112 0x123fb599 16
4 dynarray.c:113 0x123fb909 24
4 path.c:254 0x123fb5c9 24
2 path.c:178 0x123fb5c9 24
1 dynarray.c:84 0x123fb989 24
2 dynarray.c:95 0x123fb909 16
2 path.c:191 0x123fb9d9 25
2 path.c:205 0x123fb9b9 6
2 path.c:205 0x123fb969 7
3 path.c:223 0x123fb9d9 0x123fb9d9 25 13
1 bdtBad5.c:143 0x123fba09 32
2 path.c:178 0x123fba49 24
1 dynarray.c:84 0x123fb599 24
2 dynarray.c:95 0x123fba79 16
2 path.c:191 0x123fbaa9 13
2 path.c:205 0x123fbac9 6
2 path.c:205 0x123fbae9 7
3 path.c:223 0x123fbaa9 0x123fbaa9 13 13
4 path.c:246 0x123fb9d9 13
4 path.c:31 0x123fb9b9 6
4 path.c:31 0x123fb969 7
4 dynarray.c:112 0x123fb909 16
4 dynarray.c:113 0x123fb989 24
4 path.c:254 0x123fb5c9 24
2 path.c:178 0x123fb5c9 24
1 dynarray.c:84 0x123fb9d9 24
2 dynarray.c:95 0x123fb989 24
2 path.c:191 0x123fbb09 25
2 path.c:205 0x123fb969 6
2 path.c:205 0x123fb9b9 7
2 path.c:205 0x123fbb39 12
3 path.c:223 0x123fbb09 0x123fbb09 25 25
1 bdtBad5.c:143 0x123fbb59 32
2 path.c:178 0x123fbb99 24
1 dynarray.c:84 0x123fb909 24
2 dynarray.c:95 0x123fbbc9 24
2 path.c:191 0x123fbbf9 25
2 path.c:205 0x123fbc29 6
2 path.c:205 0x123fbc49 7
2 path.c:205 0x123fbc69 12
3 path.c:223 0x123fbbf9 0x123fbbf9 25 25
4 path.c:246 0x123fbb09 25
4 path.c:31 0x123fb969 6
4 path.c:31 0x123fb9b9 7
4 path.c:31 0x123fbb39 12
4 dynarray.c:112 0x123fb989 24
4 dynarray.c:113 0x123fb9d9 24
4 path.c:254 0x123fb5c9 24
4 path.c:246 0x123fb659 25
4 path.c:31 0x123fb6e9 6
4 path.c:31 0x123fb889 7
4 path.c:31 0x123fb8a9 12
4 dynarray.c:112 0x123fb8c9 32
4 dynarray.c:113 0x123fb709 24
4 path.c:254 0x123fb629 24
2 path.c:128 0x123fb629 24
1 dynarray.c:84 0x123fbb09 24
2 dynarray.c:95 0x123fb709 16
2 path.c:90 0x123fb8a9 6
1 path.c:143 0x123fb6c9 6
2 path.c:178 0x123fb5c9 24
1 dynarray.c:84 0x123fb659 24
2 dynarray.c:95 0x123fb9d9 16
2 path.c:191 0x123fb889 6
2 path.c:205 0x123fbb39 6
3 path.c:223 0x123fb889 0x123fb889 6 6
4 path.c:246 0x123fb889 6
4 path.c:31 0x123fbb39 6
4 dynarray.c:112 0x123fb9d9 16
4 dynarray.c:113 0x123fb659 24
4 path.c:254 0x123fb5c9 24
4 path.c:246 0x123fb6c9 6
4 path.c:31 0x123fb8a9 6
4 dynarray.c:112 0x123fb709 16
4 dynarray.c:113 0x123fbb09 24
4 path.c:254 0x123fb629 24
2 path.c:128 0x123fb629 24
1 dynarray.c:84 0x123fb989 24
2 dynarray.c:95 0x123fbb09 16
2 path.c:90 0x123fb8a9 6
2 path.c:90 0x123fb6c9 7
1 path.c:143 0x123fb6e9 13
2 path.c:178 0x123fb5c9 24
1 dynarray.c:84 0x123fb709 24
2 dynarray.c:95 0x123fb659 16
2 path.c:191 0x123fbb39 13
2 path.c:205 0x123fb9b9 6
3 path.c:223 0x123fbb39 0x123fbb39 13 6
4 path.c:246 0x123fbb39 6
4 path.c:31 0x123fb9b9 6
4 dynarray.c:112 0x123fb659 16
4 dynarray.c:113 0x123fb709 24
4 path.c:254 0x123fb5c9 24
2 path.c:178 0x123fb5c9 24
1 dynarray.c:84 0x123fb9d9 24
2 dynarray.c:95 0x123fb709 16
2 path.c:191 0x123fb9b9 13
2 path.c:205 0x123fbb39 6
2 path.c:205 0x123fb969 7
3 path.c:223 0x123fb9b9 0x123fb9b9 13 13
4 path.c:246 0x123fb9b9 13
4 path.c:31 0x123fbb39 6
4 path.c:31 0x123fb969 7
4 dynarray.c:112 0x123fb709 16
4 dynarray.c:113 0x123fb9d9 24
4 path.c:254 0x123fb5c9 24
4 path.c:246 0x123fb6e9 13
4 path.c:31 0x123fb8a9 6
4 path.c:31 0x123fb6c9 7
4 dynarray.c:112 0x123fbb09 16
4 dynarray.c:113 0x123fb989 24
4 path.c:254 0x123fb629 24
2 path.c:128 0x123fb629 24
1 dynarray.c:84 0x123fb659 24
2 dynarray.c:95 0x123fb989 16
2 path.c:90 0x123fb6c9 6
2 path.c:90 0x123fb8a9 7
2 path.c:90 0x123fb6e9 12
3 dynarray.c:69 0x123fbc89 0x123fb989 16 32
1 path.c:143 0x123fbb09 25
2 path.c:178 0x123fb989 24
1 dynarray.c:84 0x123fb5c9 24
2 dynarray.c:95 0x123fb9d9 16
2 path.c:191 0x123fbcc9 25
2 path.c:205 0x123fb969 6
3 path.c:223 0x123fbcc9 0x123fbcc9 25 6
4 path.c:246 0x123fbcc9 6
4 path.c:31 0x123fb969 6
4 dynarray.c:112 0x123fb9d9 16
4 dynarray.c:113 0x123fb5c9 24
4 path.c:254 0x123fb989 24
2 path.c:178 0x123fb989 24
1 dynarray.c:84 0x123fb709 24
2 dynarray.c:95 0x123fb5c9 16
2 path.c:191 0x123fbcc9 25
2 path.c:205 0x123fb969 6
2 path.c:205 0x123fbb39 7
3 path.c:223 0x123fbcc9 0x123fbcc9 25 13
4 path.c:246 0x123fbcc9 13
4 path.c:31 0x123fb969 6
4 path.c:31 0x123fbb39 7
4 dynarray.c:112 0x123fb5c9 16
4 dynarray.c:113 0x123fb709 24
4 path.c:254 0x123fb989 24
2 path.c:178 0x123fb989 24
1 dynarray.c:84 0x123fb9d9 24
2 dynarray.c:95 0x123fb709 24
2 path.c:191 0x123fbcc9 25
2 path.c:205 0x123fbb39 6
2 path.c:205 0x123fb969 7
2 path.c:205 0x123fb9b9 12
3 path.c:223 0x123fbcc9 0x123fbcc9 25 25
4 path.c:246 0x123fbcc9 25
4 path.c:31 0x123fbb39 6
4 path.c:31 0x123fb969 7
4 path.c:31 0x123fb9b9 12
4 dynarray.c:112 0x123fb709 24
4 dynarray.c:113 0x123fb9d9 24
4 path.c:254 0x123fb989 24
4 path.c:246 0x123fbb09 25
4 path.c:31 0x123fb6c9 6
4 path.c:31 0x123fb8a9 7
4 path.c:31 0x123fb6e9 12
4 dynarray.c:112 0x123fbc89 32
4 dynarray.c:113 0x123fb659 24
4 path.c:254 0x123fb629 24
2 path.c:128 0x123fb629 24
1 dynarray.c:84 0x123fb5c9 24
2 dynarray.c:95 0x123fb659 16
2 path.c:90 0x123fb6e9 12
1 path.c:143 0x123fb889 12
2 path.c:178 0x123fb989 24
1 dynarray.c:84 0x123fbb09 24
2 dynarray.c:95 0x123fb9d9 16
2 path.c:191 0x123fb8a9 12
2 path.c:205 0x123fb9b9 12
3 path.c:223 0x123fb8a9 0x123fb8a9 12 12
4 path.c:246 0x123fb8a9 12
4 path.c:31 0x123fb9b9 12
4 dynarray.c:112 0x123fb9d9 16
4 dynarray.c:113 0x123fbb09 24
4 path.c:254 0x123fb989 24
4 path.c:246 0x123fb889 12
4 path.c:31 0x123fb6e9 12
4 dynarray.c:112 0x123fb659 16
4 dynarray.c:113 0x123fb5c9 24
4 path.c:254 0x123fb629 24
2 path.c:128 0x123fb629 24
1 dynarray.c:84 0x123fb709 24
2 dynarray.c:95 0x123fb5c9 16
2 path.c:90 0x123fb6e9 12
1 path.c:143 0x123fb6c9 12
2 path.c:178 0x123fb989 24
1 dynarray.c:84 0x123fb659 24
2 dynarray.c:95 0x123fbb09 16
2 path.c:191 0x123fb889 12
2 path.c:205 0x123fb8a9 12
3 path.c:223 0x123fb889 0x123fb889 12 12
4 path.c:246 0x123fb889 12
4 path.c:31 0x123fb8a9 12
4 dynarray.c:112 0x123fbb09 16
4 dynarray.c:113 0x123fb659 24
4 path.c:254 0x123fb989 24
4 path.c:246 0x123fb6c9 12
4 path.c:31 0x123fb6e9 12
4 dynarray.c:112 0x123fb5c9 16
4 dynarray.c:113 0x123fb709 24
4 path.c:254 0x123fb629 24
2 path.c:128 0x123fb629 24
1 dynarray.c:84 0x123fb9d9 24
2 dynarray.c:95 0x123fb709 16
2 path.c:90 0x123fb6e9 12
1 path.c:143 0x123fb9b9 12
2 path.c:178 0x123fb989 24
1 dynarray.c:84 0x123fb5c9 24
2 dynarray.c:95 0x123fb659 16
2 path.c:191 0x123fb6c9 12
2 path.c:205 0x123fb889 12
3 path.c:223 0x123fb6c9 0x123fb6c9 12 12
4 path.c:246 0x123fb6c9 12
4 path.c:31 0x123fb889 12
4 dynarray.c:112 0x123fb659 16
4 dynarray.c:113 0x123fb5c9 24
4 path.c:254 0x123fb989 24
4 path.c:246 0x123fb9b9 12
4 path.c:31 0x123fb6e9 12
4 dynarray.c:112 0x123fb709 16
4 dynarray.c:113 0x123fb9d9 24
4 path.c:254 0x123fb629 24
2 path.c:128 0x123fb629 24
1 dynarray.c:84 0x123fbb09 24
2 dynarray.c:95 0x123fb9d9 16
2 path.c:90 0x123fb6e9 6
2 path.c:90 0x123fb9b9 8
1 path.c:143 0x123fb8a9 14
2 path.c:178 0x123fb989 24
1 dynarray.c:84 0x123fb709 24
2 dynarray.c:95 0x123fb5c9 16
2 path.c:191 0x123fb889 14
2 path.c:205 0x123fb969 6
3 path.c:223 0x123fb889 0x123fb889 14 6
4 path.c:246 0x123fb889 6
4 path.c:31 0x123fb969 6
4 dynarray.c:112 0x123fb5c9 16
4 dynarray.c:113 0x123fb709 24
4 path.c:254 0x123fb989 24
2 path.c:178 0x123fb989 24
1 dynarray.c:84 0x123fb659 24
2 dynarray.c:95 0x123fb709 16
2 path.c:191 0x123fb969 14
2 path.c:205 0x123fb889 6
2 path.c:205 0x123fbb39 8
3 path.c:223 0x123fb969 0x123fb969 14 14
4 path.c:246 0x123fb969 14
4 path.c:31 0x123fb889 6
4 path.c:31 0x123fbb39 8
4 dynarray.c:112 0x123fb709 16
4 dynarray.c:113 0x123fb659 24
4 path.c:254 0x123fb989 24
2 path.c:128 0x123fb989 24
1 dynarray.c:84 0x123fb5c9 24
2 dynarray.c:95 0x123fb659 16
2 path.c:90 0x123fbb39 6
2 path.c:90 0x123fb889 7
2 path.c:90 0x123fb969 12
3 dynarray.c:69 0x123fbcf9 0x123fb659 16 32
1 path.c:143 0x123fb709 25
2 path.c:178 0x123fb659 24
1 dynarray.c:84 0x123fbcc9 24
2 dynarray.c:95 0x123fbd39 16
2 path.c:191 0x123fbd69 25
2 path.c:205 0x123fbd99 6
3 path.c:223 0x123fbd69 0x123fbd69 25 6
4 path.c:246 0x123fbd69 6
4 path.c:31 0x123fbd99 6
4 dynarray.c:112 0x123fbd39 16
4 dynarray.c:113 0x123fbcc9 24
4 path.c:254 0x123fb659 24
2 path.c:178 0x123fb659 24
1 dynarray.c:84 0x123fbd69 24
2 dynarray.c:95 0x123fbcc9 16
2 path.c:191 0x123fbdb9 25
2 path.c:205 0x123fbd99 6
2 path.c:205 0x123fbde9 7
3 path.c:223 0x123fbdb9 0x123fbdb9 25 13
4 path.c:246 0x123fbdb9 13
4 path.c:31 0x123fbd99 6
4 path.c:31 0x123fbde9 7
4 dynarray.c:112 0x123fbcc9 16
4 dynarray.c:113 0x123fbd69 24
4 path.c:254 0x123fb659 24
2 path.c:178 0x123fb659 24
1 dynarray.c:84 0x123fbd39 24
2 dynarray.c:95 0x123fbd69 24
2 path.c:191 0x123fbdb9 25
2 path.c:205 0x123fbde9 6
2 path.c:205 0x123fbd99 7
2 path.c:205 0x123fbe09 12
3 path.c:223 0x123fbdb9 0x123fbdb9 25 25
4 path.c:246 0x123fbdb9 25
4 path.c:31 0x123fbde9 6
4 path.c:31 0x123fbd99 7
4 path.c:31 0x123fbe09 12
4 dynarray.c:112 0x123fbd69 24
4 dynarray.c:113 0x123fbd39 24
4 path.c:254 0x123fb659 24
4 path.c:246 0x123fb709 25
4 path.c:31 0x123fbb39 6
4 path.c:31 0x123fb889 7
4 path.c:31 0x123fb969 12
4 dynarray.c:112 0x123fbcf9 32
4 dynarray.c:113 0x123fb5c9 24
4 path.c:254 0x123fb989 24
2 path.c:128 0x123fb989 24
1 dynarray.c:84 0x123fbcc9 24
2 dynarray.c:95 0x123fb5c9 16
2 path.c:90 0x123fb969 12
2 path.c:90 0x123fb889 6
2 path.c:90 0x123fbb39 9
3 dynarray.c:69 0x123fbe29 0x123fb5c9 16 32
1 path.c:143 0x123fb709 27
2 path.c:178 0x123fb5c9 24
1 dynarray.c:84 0x123fb659 24
2 dynarray.c:95 0x123fbd39 16
2 path.c:191 0x123fbdb9 27
2 path.c:205 0x123fbe09 12
3 path.c:223 0x123fbdb9 0x123fbdb9 27 12
4 path.c:246 0x123fbdb9 12
4 path.c:31 0x123fbe09 12
4 dynarray.c:112 0x123fbd39 16
4 dynarray.c:113 0x123fb659 24
4 path.c:254 0x123fb5c9 24
4 path.c:246 0x123fb709 27
4 path.c:31 0x123fb969 12
4 path.c:31 0x123fb889 6
4 path.c:31 0x123fbb39 9
4 dynarray.c:112 0x123fbe29 32
4 dynarray.c:113 0x123fbcc9 24
4 path.c:254 0x123fb989 24
2 path.c:128 0x123fb989 24
1 dynarray.c:84 0x123fbd69 24
2 dynarray.c:95 0x123fbcc9 16
2 path.c:90 0x123fbb39 6
2 path.c:90 0x123fb889 8
1 path.c:143 0x123fb6c9 14
2 path.c:178 0x123fb5c9 24
1 dynarray.c:84 0x123fb709 24
2 dynarray.c:95 0x123fb659 16
2 path.c:191 0x123fb969 14
2 path.c:205 0x123fbd99 6
3 path.c:223 0x123fb969 0x123fb969 14 6
4 path.c:246 0x123fb969 6
4 path.c:31 0x123fbd99 6
4 dynarray.c:112 0x123fb659 16
4 dynarray.c:113 0x123fb709 24
4 path.c:254 0x123fb5c9 24
2 path.c:178 0x123fb5c9 24
1 dynarray.c:84 0x123fbd39 24
2 dynarray.c:95 0x123fb709 16
2 path.c:191 0x123fbd99 14
2 path.c:205 0x123fb969 6
2 path.c:205 0x123fbde9 8
3 path.c:223 0x123fbd99 0x123fbd99 14 14
4 path.c:246 0x123fbd99 14
4 path.c:31 0x123fb969 6
4 path.c:31 0x123fbde9 8
4 dynarray.c:112 0x123fb709 16
4 dynarray.c:113 0x123fbd39 24
4 path.c:254 0x123fb5c9 24
2 path.c:178 0x123fb5c9 24
1 dynarray.c:84 0x123fb659 24
2 dynarray.c:95 0x123fbd39 16
2 path.c:191 0x123fbde9 14
2 path.c:205 0x123fb969 6
2 path.c:205 0x123fbd99 8
3 path.c:223 0x123fbde9 0x123fbde9 14 14
1 bdtBad5.c:143 0x123fbe29 32
2 path.c:178 0x123fbdb9 24
1 dynarray.c:84 0x123fb709 24
2 dynarray.c:95 0x123fbe69 16
2 path.c:191 0x123fbe99 14
2 path.c:205 0x123fbeb9 6
2 path.c:205 0x123fbed9 8
3 path.c:223 0x123fbe99 0x123fbe99 14 14
4 path.c:246 0x123fbde9 14
4 path.c:31 0x123fb969 6
4 path.c:31 0x123fbd99 8
4 dynarray.c:112 0x123fbd39 16
4 dynarray.c:113 0x123fb659 24
4 path.c:254 0x123fb5c9 24
4 path.c:246 0x123fb6c9 14
4 path.c:31 0x123fbb39 6
4 path.c:31 0x123fb889 8
4 dynarray.c:112 0x123fbcc9 16
4 dynarray.c:113 0x123fbd69 24
4 path.c:254 0x123fb989 24
2 path.c:128 0x123fb989 24
1 dynarray.c:84 0x123fbd39 24
2 dynarray.c:95 0x123fbd69 16
2 path.c:90 0x123fb889 6
2 path.c:90 0x123fbb39 7
1 path.c:143 0x123fbe09 13
2 path.c:178 0x123fb5c9 24
1 dynarray.c:84 0x123fbcc9 24
2 dynarray.c:95 0x123fb659 16
2 path.c:191 0x123fb6c9 13
2 path.c:205 0x123fb969 6
3 path.c:223 0x123fb6c9 0x123fb6c9 13 6
4 path.c:246 0x123fb6c9 6
4 path.c:31 0x123fb969 6
4 dynarray.c:112 0x123fb659 16
4 dynarray.c:113 0x123fbcc9 24
4 path.c:254 0x123fb5c9 24
2 path.c:178 0x123fb5c9 24
1 dynarray.c:84 0x123fb659 24
2 dynarray.c:95 0x123fbcc9 16
2 path.c:191 0x123fb969 13
2 path.c:205 0x123fb6c9 6
2 path.c:205 0x123fbde9 7
3 path.c:223 0x123fb969 0x123fb969 13 13
4 path.c:246 0x123fb969 13
4 path.c:31 0x123fb6c9 6
4 path.c:31 0x123fbde9 7
4 dynarray.c:112 0x123fbcc9 16
4 dynarray.c:113 0x123fb659 24
4 path.c:254 0x123fb5c9 24
2 path.c:178 0x123fb5c9 24
1 dynarray.c:84 0x123fbcc9 24
2 dynarray.c:95 0x123fb659 16
2 path.c:191 0x123fbde9 13
2 path.c:205 0x123fb6c9 6
2 path.c:205 0x123fb969 7
3 path.c:223 0x123fbde9 0x123fbde9 13 13
1 bdtBad5.c:143 0x123fbcf9 32
2 path.c:178 0x123fbef9 24
1 dynarray.c:84 0x123fb939 24
2 dynarray.c:95 0x123fbf29 16
2 path.c:191 0x123fbf59 13
2 path.c:205 0x123fbf79 6
2 path.c:205 0x123fbf99 7
3 path.c:223 0x123fbf59 0x123fbf59 13 13
4 path.c:246 0x123fbf59 13
4 path.c:31 0x123fbf79 6
4 path.c:31 0x123fbf99 7
4 dynarray.c:112 0x123fbf29 16
4 dynarray.c:113 0x123fb939 24
4 path.c:254 0x123fbef9 24
4 bdtBad5.c:193 0x123fbcf9 32
4 path.c:246 0x123fbe09 13
4 path.c:31 0x123fb889 6
4 path.c:31 0x123fbb39 7
4 dynarray.c:112 0x123fbd69 16
4 dynarray.c:113 0x123fbd39 24
4 path.c:254 0x123fb989 24
4 path.c:246 0x123fbde9 13
4 path.c:31 0x123fb6c9 6
4 path.c:31 0x123fb969 7
4 dynarray.c:112 0x123fb659 16
4 dynarray.c:113 0x123fbcc9 24
4 path.c:254 0x123fb5c9 24
2 path.c:128 0x123fb5c9 24
1 dynarray.c:84 0x123fb939 24
2 dynarray.c:95 0x123fbcc9 16
2 path.c:90 0x123fb969 6
2 path.c:90 0x123fb6c9 4
2 path.c:90 0x123fbde9 5
3 dynarray.c:69 0x123fbfb9 0x123fbcc9 16 32
2 path.c:90 0x123fbb39 7
1 path.c:143 0x123fb659 22
2 path.c:178 0x123fbcc9 24
1 dynarray.c:84 0x123fb989 24
2 dynarray.c:95 0x123fbd39 16
2 path.c:191 0x123fbef9 22
2 path.c:205 0x123fb889 6
3 path.c:223 0x123fbef9 0x123fbef9 22 6
4 path.c:246 0x123fbef9 6
4 path.c:31 0x123fb889 6
4 dynarray.c:112 0x123fbd39 16
4 dynarray.c:113 0x123fb989 24
4 path.c:254 0x123fbcc9 24
2 path.c:178 0x123fbcc9 24
1 dynarray.c:84 0x123fbd69 24
2 dynarray.c:95 0x123fb989 16
2 path.c:191 0x123fbef9 22
2 path.c:205 0x123fb889 6
2 path.c:205 0x123fbe09 4
3 path.c:223 0x123fbef9 0x123fbef9 22 10
4 path.c:246 0x123fbef9 10
4 path.c:31 0x123fb889 6
4 path.c:31 0x123fbe09 4
4 dynarray.c:112 0x123fb989 16
4 dynarray.c:113 0x123fbd69 24
4 path.c:254 0x123fbcc9 24
2 path.c:178 0x123fbcc9 24
1 dynarray.c:84 0x123fbd39 24
2 dynarray.c:95 0x123fbd69 16
2 path.c:191 0x123fbef9 22
2 path.c:205 0x123fbe09 6
2 path.c:205 0x123fb889 4
3 path.c:223 0x123fbef9 0x123fbef9 22 10
1 bdtBad5.c:143 0x123fbcf9 32
2 path.c:178 0x123fbff9 24
1 dynarray.c:84 0x123fb989 24
2 dynarray.c:95 0x123fc029 16
2 path.c:191 0x123fbf99 10
2 path.c:205 0x123fbf79 6
2 path.c:205 0x123fbf59 4
3 path.c:223 0x123fbf99 0x123fbf99 10 10
4 path.c:246 0x123fbf99 10
4 path.c:31 0x123fbf79 6
4 path.c:31 0x123fbf59 4
4 dynarray.c:112 0x123fc029 16
4 dynarray.c:113 0x123fb989 24
4 path.c:254 0x123fbff9 24
4 bdtBad5.c:193 0x123fbcf9 32
4 path.c:246 0x123fb659 22
4 path.c:31 0x123fb969 6
4 path.c:31 0x123fb6c9 4
4 path.c:31 0x123fbde9 5
4 path.c:31 0x123fbb39 7
4 dynarray.c:112 0x123fbfb9 32
4 dynarray.c:113 0x123fb939 24
4 path.c:254 0x123fb5c9 24
4 path.c:246 0x123fbef9 10
4 path.c:31 0x123fbe09 6
4 path.c:31 0x123fb889 4
4 dynarray.c:112 0x123fbd69 16
4 dynarray.c:113 0x123fbd39 24
4 path.c:254 0x123fbcc9 24
2 path.c:128 0x123fbcc9 24
1 dynarray.c:84 0x123fc029 24
2 dynarray.c:95 0x123fbd39 16
2 path.c:90 0x123fb889 6
1 path.c:143 0x123fbd99 6
2 path.c:178 0x123fbef9 24
1 dynarray.c:84 0x123fbd69 24
2 dynarray.c:95 0x123fb5c9 16
2 path.c:191 0x123fbe09 6
2 path.c:205 0x123fbde9 6
3 path.c:223 0x123fbe09 0x123fbe09 6 6
4 path.c:246 0x123fbe09 6
4 path.c:31 0x123fbde9 6
4 dynarray.c:112 0x123fb5c9 16
4 dynarray.c:113 0x123fbd69 24
4 path.c:254 0x123fbef9 24
4 path.c:246 0x123fbd99 6
4 path.c:31 0x123fb889 6
4 dynarray.c:112 0x123fbd39 16
4 dynarray.c:113 0x123fc029 24
4 path.c:254 0x123fbcc9 24
2 path.c:128 0x123fbcc9 24
1 dynarray.c:84 0x123fb939 24
2 dynarray.c:95 0x123fc029 16
2 path.c:90 0x123fb889 6
2 path.c:90 0x123fbd99 7
1 path.c:143 0x123fbb39 13
2 path.c:178 0x123fbef9 24
1 dynarray.c:84 0x123fbd39 24
2 dynarray.c:95 0x123fbd69 16
2 path.c:191 0x123fbde9 13
2 path.c:205 0x123fb6c9 6
3 path.c:223 0x123fbde9 0x123fbde9 13 6
4 path.c:246 0x123fbde9 6
4 path.c:31 0x123fb6c9 6
4 dynarray.c:112 0x123fbd69 16
4 dynarray.c:113 0x123fbd39 24
4 path.c:254 0x123fbef9 24
2 path.c:178 0x123fbef9 24
1 dynarray.c:84 0x123fb5c9 24
2 dynarray.c:95 0x123fbd39 16
2 path.c:191 0x123fb6c9 13
2 path.c:205 0x123fbde9 6
2 path.c:205 0x123fb969 7
3 path.c:223 0x123fb6c9 0x123fb6c9 13 13
4 path.c:246 0x123fb6c9 13
4 path.c:31 0x123fbde9 6
4 path.c:31 0x123fb969 7
4 dynarray.c:112 0x123fbd39 16
4 dynarray.c:113 0x123fb5c9 24
4 path.c:254 0x123fbef9 24
4 path.c:246 0x123fbb39 13
4 path.c:31 0x123fb889 6
4 path.c:31 0x123fbd99 7
4 dynarray.c:112 0x123fc029 16
4 dynarray.c:113 0x123fb939 24
4 path.c:254 0x123fbcc9 24
2 path.c:128 0x123fbcc9 24
1 dynarray.c:84 0x123fbd69 24
2 dynarray.c:95 0x123fb939 16
2 path.c:90 0x123fbd99 6
2 path.c:90 0x123fb889 8
1 path.c:143 0x123fbe09 14
2 path.c:178 0x123fbef9 24
1 dynarray.c:84 0x123fc029 24
2 dynarray.c:95 0x123fb5c9 16
2 path.c:191 0x123fbb39 14
2 path.c:205 0x123fbde9 6
3 path.c:223 0x123fbb39 0x123fbb39 14 6
4 path.c:246 0x123fbb39 6
4 path.c:31 0x123fbde9 6
4 dynarray.c:112 0x123fb5c9 16
4 dynarray.c:113 0x123fc029 24
4 path.c:254 0x123fbef9 24
2 path.c:178 0x123fbef9 24
1 dynarray.c:84 0x123fbd39 24
2 dynarray.c:95 0x123fc029 16
2 path.c:191 0x123fbde9 14
2 path.c:205 0x123fbb39 6
2 path.c:205 0x123fb6c9 8
3 path.c:223 0x123fbde9 0x123fbde9 14 14
4 path.c:246 0x123fbde9 14
4 path.c:31 0x123fbb39 6
4 path.c:31 0x123fb6c9 8
4 dynarray.c:112 0x123fc029 16
4 dynarray.c:113 0x123fbd39 24
4 path.c:254 0x123fbef9 24
4 path.c:246 0x123fbe09 14
4 path.c:31 0x123fbd99 6
4 path.c:31 0x123fb889 8
4 dynarray.c:112 0x123fb939 16
4 dynarray.c:113 0x123fbd69 24
4 path.c:254 0x123fbcc9 24
2 path.c:128 0x123fbcc9 24
1 dynarray.c:84 0x123fb5c9 24
2 dynarray.c:95 0x123fbd69 16
2 path.c:90 0x123fb889 6
2 path.c:90 0x123fbd99 7
1 path.c:143 0x123fb969 13
2 path.c:178 0x123fbef9 24
1 dynarray.c:84 0x123fb939 24
2 dynarray.c:95 0x123fbd39 16
2 path.c:191 0x123fbe09 13
2 path.c:205 0x123fbb39 6
3 path.c:223 0x123fbe09 0x123fbe09 13 6
4 path.c:246 0x123fbe09 6
4 path.c:31 0x123fbb39 6
4 dynarray.c:112 0x123fbd39 16
4 dynarray.c:113 0x123fb939 24
4 path.c:254 0x123fbef9 24
2 path.c:178 0x123fbef9 24
1 dynarray.c:84 0x123fc029 24
2 dynarray.c:95 0x123fb939 16
2 path.c:191 0x123fbb39 13
2 path.c:205 0x123fbe09 6
2 path.c:205 0x123fbde9 7
3 path.c:223 0x123fbb39 0x123fbb39 13 13
4 path.c:246 0x123fbb39 13
4 path.c:31 0x123fbe09 6
4 path.c:31 0x123fbde9 7
4 dynarray.c:112 0x123fb939 16
4 dynarray.c:113 0x123fc029 24
4 path.c:254 0x123fbef9 24
2 path.c:128 0x123fbef9 24
1 dynarray.c:84 0x123fbd39 24
2 dynarray.c:95 0x123fc029 16
2 path.c:90 0x123fbde9 6
2 path.c:90 0x123fbe09 4
1 path.c:143 0x123fb6c9 10
2 path.c:178 0x123fb659 24
1 dynarray.c:84 0x123fb939 24
2 dynarray.c:95 0x123fbff9 16
2 path.c:191 0x123fbb39 10
2 path.c:205 0x123fbf79 6
3 path.c:223 0x123fbb39 0x123fbb39 10 6
4 path.c:246 0x123fbb39 6
4 path.c:31 0x123fbf79 6
4 dynarray.c:112 0x123fbff9 16
4 dynarray.c:113 0x123fb939 24
4 path.c:254 0x123fb659 24
2 path.c:178 0x123fb659 24
1 dynarray.c:84 0x123fb989 24
2 dynarray.c:95 0x123fb939 16
2 path.c:191 0x123fbf79 10
2 path.c:205 0x123fbb39 6
2 path.c:205 0x123fbf99 4
3 path.c:223 0x123fbf79 0x123fbf79 10 10
4 path.c:246 0x123fbf79 10
4 path.c:31 0x123fbb39 6
4 path.c:31 0x123fbf99 4
4 dynarray.c:112 0x123fb939 16
4 dynarray.c:113 0x123fb989 24
4 path.c:254 0x123fb659 24
2 path.c:128 0x123fb659 24
1 dynarray.c:84 0x123fbff9 24
2 dynarray.c:95 0x123fb989 16
2 path.c:90 0x123fbf99 6
2 path.c:90 0x123fbb39 4
2 path.c:90 0x123fbf79 5
3 dynarray.c:69 0x123fc059 0x123fb989 16 32
1 path.c:143 0x123fb939 15
2 path.c:178 0x123fb989 24
1 dynarray.c:84 0x123fbf29 24
2 dynarray.c:95 0x123fc099 16
2 path.c:191 0x123fc0c9 15
2 path.c:205 0x123fc0f9 6
3 path.c:223 0x123fc0c9 0x123fc0c9 15 6
4 path.c:246 0x123fc0c9 6
4 path.c:31 0x123fc0f9 6
4 dynarray.c:112 0x123fc099 16
4 dynarray.c:113 0x123fbf29 24
4 path.c:254 0x123fb989 24
2 path.c:178 0x123fb989 24
1 dynarray.c:84 0x123fc099 24
2 dynarray.c:95 0x123fbf29 16
2 path.c:191 0x123fc119 15
2 path.c:205 0x123fc0f9 6
2 path.c:205 0x123fc149 4
3 path.c:223 0x123fc119 0x123fc119 15 10
4 path.c:246 0x123fc119 10
4 path.c:31 0x123fc0f9 6
4 path.c:31 0x123fc149 4
4 dynarray.c:112 0x123fbf29 16
4 dynarray.c:113 0x123fc099 24
4 path.c:254 0x123fb989 24
2 path.c:128 0x123fb989 24
1 dynarray.c:84 0x123fc119 24
2 dynarray.c:95 0x123fc099 16
2 path.c:90 0x123fc149 6
2 path.c:90 0x123fc0f9 4
2 path.c:90 0x123fc169 5
3 dynarray.c:69 0x123fc189 0x123fc099 16 32
2 path.c:90 0x123fc1c9 7
1 path.c:143 0x123fbf29 22
2 path.c:178 0x123fc099 24
1 dynarray.c:84 0x123fc0c9 24
2 dynarray.c:95 0x123fc1e9 16
2 path.c:191 0x123fc219 22
2 path.c:205 0x123fc249 6
3 path.c:223 0x123fc219 0x123fc219 22 6
4 path.c:246 0x123fc219 6
4 path.c:31 0x123fc249 6
4 dynarray.c:112 0x123fc1e9 16
4 dynarray.c:113 0x123fc0c9 24
4 path.c:254 0x123fc099 24
2 path.c:178 0x123fc099 24
1 dynarray.c:84 0x123fc1e9 24
2 dynarray.c:95 0x123fc0c9 16
2 path.c:191 0x123fc269 22
2 path.c:205 0x123fc249 6
2 path.c:205 0x123fc299 4
3 path.c:223 0x123fc269 0x123fc269 22 10
4 path.c:246 0x123fc269 10
4 path.c:31 0x123fc249 6
4 path.c:31 0x123fc299 4
4 dynarray.c:112 0x123fc0c9 16
4 dynarray.c:113 0x123fc1e9 24
4 path.c:254 0x123fc099 24
1 dynarray.c:84 0x123fc269 24
2 dynarray.c:95 0x123fc2b9 32
1 bdtBad5.c:662 0x123fc2f9 59
4 dynarray.c:112 0x123fc2b9 32
4 dynarray.c:113 0x123fc269 24
4 bdt_client.c:82 0x123fc2f9 59
2 path.c:128 0x123fc099 24
1 dynarray.c:84 0x123fc269 24
2 dynarray.c:95 0x123fc1e9 16
2 path.c:90 0x123fc299 6
2 path.c:90 0x123fc249 7
2 path.c:90 0x123fc349 12
3 dynarray.c:69 0x123fc369 0x123fc1e9 16 32
1 path.c:143 0x123fc0c9 25
2 path.c:178 0x123fc1e9 24
1 dynarray.c:84 0x123fc219 24
2 dynarray.c:95 0x123fc3a9 16
2 path.c:191 0x123fc3d9 25
2 path.c:205 0x123fc409 6
3 path.c:223 0x123fc3d9 0x123fc3d9 25 6
4 path.c:246 0x123fc3d9 6
4 path.c:31 0x123fc409 6
4 dynarray.c:112 0x123fc3a9 16
4 dynarray.c:113 0x123fc219 24
4 path.c:254 0x123fc1e9 24
2 path.c:178 0x123fc1e9 24
1 dynarray.c:84 0x123fc3a9 24
2 dynarray.c:95 0x123fc219 16
2 path.c:191 0x123fc429 25
2 path.c:205 0x123fc409 6
2 path.c:205 0x123fc459 7
3 path.c:223 0x123fc429 0x123fc429 25 13
4 path.c:246 0x123fc429 13
4 path.c:31 0x123fc409 6
4 path.c:31 0x123fc459 7
4 dynarray.c:112 0x123fc219 16
4 dynarray.c:113 0x123fc3a9 24
4 path.c:254 0x123fc1e9 24
2 path.c:178 0x123fc1e9 24
1 dynarray.c:84 0x123fc429 24
2 dynarray.c:95 0x123fc3a9 24
2 path.c:191 0x123fc479 25
2 path.c:205 0x123fc459 6
2 path.c:205 0x123fc409 7
2 path.c:205 0x123fc4a9 12
3 path.c:223 0x123fc479 0x123fc479 25 25
4 path.c:246 0x123fc479 25
4 path.c:31 0x123fc459 6
4 path.c:31 0x123fc409 7
4 path.c:31 0x123fc4a9 12
4 dynarray.c:112 0x123fc3a9 24
4 dynarray.c:113 0x123fc429 24
4 path.c:254 0x123fc1e9 24
4 path.c:246 0x123fc0c9 25
4 path.c:31 0x123fc299 6
4 path.c:31 0x123fc249 7
4 path.c:31 0x123fc349 12
4 dynarray.c:112 0x123fc369 32
4 dynarray.c:113 0x123fc269 24
4 path.c:254 0x123fc099 24
2 path.c:128 0x123fc099 24
1 dynarray.c:84 0x123fc219 24
2 dynarray.c:95 0x123fc269 16
2 path.c:90 0x123fc349 6
2 path.c:90 0x123fc249 8
2 path.c:90 0x123fc299 12
3 dynarray.c:69 0x123fc4c9 0x123fc269 16 32
1 path.c:143 0x123fc0c9 26
2 path.c:178 0x123fc269 24
1 dynarray.c:84 0x123fc1e9 24
2 dynarray.c:95 0x123fc429 16
2 path.c:191 0x123fc479 26
2 path.c:205 0x123fc4a9 6
3 path.c:223 0x123fc479 0x123fc479 26 6
4 path.c:246 0x123fc479 6
4 path.c:31 0x123fc4a9 6
4 dynarray.c:112 0x123fc429 16
4 dynarray.c:113 0x123fc1e9 24
4 path.c:254 0x123fc269 24
2 path.c:178 0x123fc269 24
1 dynarray.c:84 0x123fc3a9 24
2 dynarray.c:95 0x123fc1e9 16
2 path.c:191 0x123fc479 26
2 path.c:205 0x123fc4a9 6
2 path.c:205 0x123fc409 8
3 path.c:223 0x123fc479 0x123fc479 26 14
4 path.c:246 0x123fc479 14
4 path.c:31 0x123fc4a9 6
4 path.c:31 0x123fc409 8
4 dynarray.c:112 0x123fc1e9 16
4 dynarray.c:113 0x123fc3a9 24
4 path.c:254 0x123fc269 24
2 path.c:178 0x123fc269 24
1 dynarray.c:84 0x123fc429 24
2 dynarray.c:95 0x123fc3a9 24
2 path.c:191 0x123fc479 26
2 path.c:205 0x123fc409 6
2 path.c:205 0x123fc4a9 8
2 path.c:205 0x123fc459 12
3 path.c:223 0x123fc479 0x123fc479 26 26
4 path.c:246 0x123fc479 26
4 path.c:31 0x123fc409 6
4 path.c:31 0x123fc4a9 8
4 path.c:31 0x123fc459 12
4 dynarray.c:112 0x123fc3a9 24
4 dynarray.c:113 0x123fc429 24
4 path.c:254 0x123fc269 24
2 path.c:128 0x123fc269 24
1 dynarray.c:84 0x123fc1e9 24
2 dynarray.c:95 0x123fc429 16
2 path.c:90 0x123fc459 6
2 path.c:90 0x123fc4a9 8
2 path.c:90 0x123fc409 12
3 dynarray.c:69 0x123fc509 0x123fc429 16 32
1 path.c:143 0x123fc3a9 26
2 path.c:178 0x123fc429 24
1 dynarray.c:84 0x123fc479 24
2 dynarray.c:95 0x123fc549 16
2 path.c:191 0x123fc579 26
2 path.c:205 0x123fc5a9 6
3 path.c:223 0x123fc579 0x123fc579 26 6
4 path.c:246 0x123fc579 6
4 path.c:31 0x123fc5a9 6
4 dynarray.c:112 0x123fc549 16
4 dynarray.c:113 0x123fc479 24
4 path.c:254 0x123fc429 24
2 path.c:178 0x123fc429 24
1 dynarray.c:84 0x123fc579 24
2 dynarray.c:95 0x123fc479 16
2 path.c:191 0x123fc5c9 26
2 path.c:205 0x123fc5a9 6
2 path.c:205 0x123fc5f9 8
3 path.c:223 0x123fc5c9 0x123fc5c9 26 14
4 path.c:246 0x123fc5c9 14
4 path.c:31 0x123fc5a9 6
4 path.c:31 0x123fc5f9 8
4 dynarray.c:112 0x123fc479 16
4 dynarray.c:113 0x123fc579 24
4 path.c:254 0x123fc429 24
2 path.c:178 0x123fc429 24
1 dynarray.c:84 0x123fc549 24
2 dynarray.c:95 0x123fc579 24
2 path.c:191 0x123fc5c9 26
2 path.c:205 0x123fc5f9 6
2 path.c:205 0x123fc5a9 8
2 path.c:205 0x123fc619 12
3 path.c:223 0x123fc5c9 0x123fc5c9 26 26
4 path.c:246 0x123fc5c9 26
4 path.c:31 0x123fc5f9 6
4 path.c:31 0x123fc5a9 8
4 path.c:31 0x123fc619 12
4 dynarray.c:112 0x123fc579 24
4 dynarray.c:113 0x123fc549 24
4 path.c:254 0x123fc429 24
2 path.c:178 0x123fc429 24
1 dynarray.c:84 0x123fc479 24
2 dynarray.c:95 0x123fc549 24
2 path.c:191 0x123fc5c9 26
2 path.c:205 0x123fc619 6
2 path.c:205 0x123fc5a9 8
2 path.c:205 0x123fc5f9 12
3 path.c:223 0x123fc5c9 0x123fc5c9 26 26
1 bdtBad5.c:143 0x123fc369 32
2 path.c:178 0x123fc639 24
1 dynarray.c:84 0x123fc579 24
2 dynarray.c:95 0x123fc669 24
2 path.c:191 0x123fc699 26
2 path.c:205 0x123fc6c9 6
2 path.c:205 0x123fc6e9 8
2 path.c:205 0x123fc709 12
3 path.c:223 0x123fc699 0x123fc699 26 26
4 path.c:246 0x123fc5c9 26
4 path.c:31 0x123fc619 6
4 path.c:31 0x123fc5a9 8
4 path.c:31 0x123fc5f9 12
4 dynarray.c:112 0x123fc549 24
4 dynarray.c:113 0x123fc479 24
4 path.c:254 0x123fc429 24
4 path.c:246 0x123fc3a9 26
4 path.c:31 0x123fc459 6
4 path.c:31 0x123fc4a9 8
4 path.c:31 0x123fc409 12
4 dynarray.c:112 0x123fc509 32
4 dynarray.c:113 0x123fc1e9 24
4 path.c:254 0x123fc269 24
2 path.c:128 0x123fc269 24
1 dynarray.c:84 0x123fc5c9 24
2 dynarray.c:95 0x123fc1e9 16
2 path.c:90 0x123fc409 6
2 path.c:90 0x123fc4a9 7
2 path.c:90 0x123fc459 12
3 dynarray.c:69 0x123fc729 0x123fc1e9 16 32
1 path.c:143 0x123fc3a9 25
2 path.c:178 0x123fc1e9 24
1 dynarray.c:84 0x123fc429 24
2 dynarray.c:95 0x123fc479 16
2 path.c:191 0x123fc769 25
2 path.c:205 0x123fc5f9 6
3 path.c:223 0x123fc769 0x123fc769 25 6
4 path.c:246 0x123fc769 6
4 path.c:31 0x123fc5f9 6
4 dynarray.c:112 0x123fc479 16
4 dynarray.c:113 0x123fc429 24
4 path.c:254 0x123fc1e9 24
2 path.c:178 0x123fc1e9 24
1 dynarray.c:84 0x123fc549 24
2 dynarray.c:95 0x123fc429 16
2 path.c:191 0x123fc769 25
2 path.c:205 0x123fc5f9 6
2 path.c:205 0x123fc5a9 7
3 path.c:223 0x123fc769 0x123fc769 25 13
4 path.c:246 0x123fc769 13
4 path.c:31 0x123fc5f9 6
4 path.c:31 0x123fc5a9 7
4 dynarray.c:112 0x123fc429 16
4 dynarray.c:113 0x123fc549 24
4 path.c:254 0x123fc1e9 24
2 path.c:178 0x123fc1e9 24
1 dynarray.c:84 0x123fc479 24
2 dynarray.c:95 0x123fc549 24
2 path.c:191 0x123fc769 25
2 path.c:205 0x123fc5a9 6
2 path.c:205 0x123fc5f9 7
2 path.c:205 0x123fc619 12
3 path.c:223 0x123fc769 0x123fc769 25 25
4 path.c:246 0x123fc769 25
4 path.c:31 0x123fc5a9 6
4 path.c:31 0x123fc5f9 7
4 path.c:31 0x123fc619 12
4 dynarray.c:112 0x123fc549 24
4 dynarray.c:113 0x123fc479 24
4 path.c:254 0x123fc1e9 24
4 path.c:246 0x123fc3a9 25
4 path.c:31 0x123fc409 6
4 path.c:31 0x123fc4a9 7
4 path.c:31 0x123fc459 12
4 dynarray.c:112 0x123fc729 32
4 dynarray.c:113 0x123fc5c9 24
4 path.c:254 0x123fc269 24
2 path.c:128 0x123fc269 24
1 dynarray.c:84 0x123fc429 24
2 dynarray.c:95 0x123fc5c9 16
2 path.c:90 0x123fc459 6
2 path.c:90 0x123fc4a9 8
2 path.c:90 0x123fc409 12
3 dynarray.c:69 0x123fc799 0x123fc5c9 16 32
1 path.c:143 0x123fc3a9 26
2 path.c:178 0x123fc5c9 24
1 dynarray.c:84 0x123fc1e9 24
2 dynarray.c:95 0x123fc479 16
2 path.c:191 0x123fc769 26
2 path.c:205 0x123fc619 6
3 path.c:223 0x123fc769 0x123fc769 26 6
4 path.c:246 0x123fc769 6
4 path.c:31 0x123fc619 6
4 dynarray.c:112 0x123fc479 16
4 dynarray.c:113 0x123fc1e9 24
4 path.c:254 0x123fc5c9 24
2 path.c:178 0x123fc5c9 24
1 dynarray.c:84 0x123fc549 24
2 dynarray.c:95 0x123fc1e9 16
2 path.c:191 0x123fc769 26
2 path.c:205 0x123fc619 6
2 path.c:205 0x123fc5f9 8
3 path.c:223 0x123fc769 0x123fc769 26 14
4 path.c:246 0x123fc769 14
4 path.c:31 0x123fc619 6
4 path.c:31 0x123fc5f9 8
4 dynarray.c:112 0x123fc1e9 16
4 dynarray.c:113 0x123fc549 24
4 path.c:254 0x123fc5c9 24
2 path.c:178 0x123fc5c9 24
1 dynarray.c:84 0x123fc479 24
2 dynarray.c:95 0x123fc549 24
2 path.c:191 0x123fc769 26
2 path.c:205 0x123fc5f9 6
2 path.c:205 0x123fc619 8
2 path.c:205 0x123fc5a9 12
3 path.c:223 0x123fc769 0x123fc769 26 26
4 path.c:246 0x123fc769 26
4 path.c:31 0x123fc5f9 6
4 path.c:31 0x123fc619 8
4 path.c:31 0x123fc5a9 12
4 dynarray.c:112 0x123fc549 24
4 dynarray.c:113 0x123fc479 24
4 path.c:254 0x123fc5c9 24
4 path.c:246 0x123fc3a9 26
4 path.c:31 0x123fc459 6
4 path.c:31 0x123fc4a9 8
4 path.c:31 0x123fc409 12
4 dynarray.c:112 0x123fc799 32
4 dynarray.c:113 0x123fc429 24
4 path.c:254 0x123fc269 24
2 path.c:128 0x123fc269 24
1 dynarray.c:84 0x123fc1e9 24
2 dynarray.c:95 0x123fc429 16
2 path.c:90 0x123fc409 6
2 path.c:90 0x123fc4a9 8
2 path.c:90 0x123fc459 12
3 dynarray.c:69 0x123fc799 0x123fc429 16 32
1 path.c:143 0x123fc3a9 26
2 path.c:178 0x123fc429 24
1 dynarray.c:84 0x123fc5c9 24
2 dynarray.c:95 0x123fc479 16
2 path.c:191 0x123fc769 26
2 path.c:205 0x123fc5a9 6
3 path.c:223 0x123fc769 0x123fc769 26 6
4 path.c:246 0x123fc769 6
4 path.c:31 0x123fc5a9 6
4 dynarray.c:112 0x123fc479 16
4 dynarray.c:113 0x123fc5c9 24
4 path.c:254 0x123fc429 24
2 path.c:178 0x123fc429 24
1 dynarray.c:84 0x123fc549 24
2 dynarray.c:95 0x123fc5c9 16
2 path.c:191 0x123fc769 26
2 path.c:205 0x123fc5a9 6
2 path.c:205 0x123fc619 8
3 path.c:223 0x123fc769 0x123fc769 26 14
4 path.c:246 0x123fc769 14
4 path.c:31 0x123fc5a9 6
4 path.c:31 0x123fc619 8
4 dynarray.c:112 0x123fc5c9 16
4 dynarray.c:113 0x123fc549 24
4 path.c:254 0x123fc429 24
2 path.c:178 0x123fc429 24
1 dynarray.c:84 0x123fc479 24
2 dynarray.c:95 0x123fc549 24
2 path.c:191 0x123fc769 26
2 path.c:205 0x123fc619 6
2 path.c:205 0x123fc5a9 8
2 path.c:205 0x123fc5f9 12
3 path.c:223 0x123fc769 0x123fc769 26 26
4 path.c:246 0x123fc769 26
4 path.c:31 0x123fc619 6
4 path.c:31 0x123fc5a9 8
4 path.c:31 0x123fc5f9 12
4 dynarray.c:112 0x123fc549 24
4 dynarray.c:113 0x123fc479 24
4 path.c:254 0x123fc429 24
4 path.c:246 0x123fc3a9 26
4 path.c:31 0x123fc409 6
4 path.c:31 0x123fc4a9 8
4 path.c:31 0x123fc459 12
4 dynarray.c:112 0x123fc799 32
4 dynarray.c:113 0x123fc1e9 24
4 path.c:254 0x123fc269 24
2 path.c:128 0x123fc269 24
1 dynarray.c:84 0x123fc5c9 24
2 dynarray.c:95 0x123fc1e9 16
2 path.c:90 0x123fc459 6
2 path.c:90 0x123fc4a9 8
2 path.c:90 0x123fc409 12
3 dynarray.c:69 0x123fc799 0x123fc1e9 16 32
2 path.c:90 0x123fc5f9 6
1 path.c:143 0x123fc729 32
2 path.c:178 0x123fc1e9 24
1 dynarray.c:84 0x123fc3a9 24
2 dynarray.c:95 0x123fc429 16
2 path.c:191 0x123fc7d9 32
2 path.c:205 0x123fc5a9 6
3 path.c:223 0x123fc7d9 0x123fc7d9 32 6
4 path.c:246 0x123fc7d9 6
4 path.c:31 0x123fc5a9 6
4 dynarray.c:112 0x123fc429 16
4 dynarray.c:113 0x123fc3a9 24
4 path.c:254 0x123fc1e9 24
2 path.c:178 0x123fc1e9 24
1 dynarray.c:84 0x123fc479 24
2 dynarray.c:95 0x123fc3a9 16
2 path.c:191 0x123fc819 32
2 path.c:205 0x123fc5a9 6
2 path.c:205 0x123fc7d9 8
3 path.c:223 0x123fc819 0x123fc819 32 14
4 path.c:246 0x123fc819 14
4 path.c:31 0x123fc5a9 6
4 path.c:31 0x123fc7d9 8
4 dynarray.c:112 0x123fc3a9 16
4 dynarray.c:113 0x123fc479 24
4 path.c:254 0x123fc1e9 24
2 path.c:178 0x123fc1e9 24
1 dynarray.c:84 0x123fc429 24
2 dynarray.c:95 0x123fc479 24
2 path.c:191 0x123fc859 32
2 path.c:205 0x123fc7d9 6
2 path.c:205 0x123fc5a9 8
2 path.c:205 0x123fc819 12
3 path.c:223 0x123fc859 0x123fc859 32 26
4 path.c:246 0x123fc859 26
4 path.c:31 0x123fc7d9 6
4 path.c:31 0x123fc5a9 8
4 path.c:31 0x123fc819 12
4 dynarray.c:112 0x123fc479 24
4 dynarray.c:113 0x123fc429 24
4 path.c:254 0x123fc1e9 24
2 path.c:178 0x123fc1e9 24
1 dynarray.c:84 0x123fc3a9 24
2 dynarray.c:95 0x123fc899 32
2 path.c:191 0x123fc8d9 32
2 path.c:205 0x123fc819 6
2 path.c:205 0x123fc5a9 8
2 path.c:205 0x123fc7d9 12
2 path.c:205 0x123fc839 6
3 path.c:223 0x123fc8d9 0x123fc8d9 32 32
4 path.c:246 0x123fc8d9 32
4 path.c:31 0x123fc819 6
4 path.c:31 0x123fc5a9 8
4 path.c:31 0x123fc7d9 12
4 path.c:31 0x123fc839 6
4 dynarray.c:112 0x123fc899 32
4 dynarray.c:113 0x123fc3a9 24
4 path.c:254 0x123fc1e9 24
2 path.c:178 0x123fc1e9 24
1 dynarray.c:84 0x123fc3a9 24
2 dynarray.c:95 0x123fc899 32
2 path.c:191 0x123fc8d9 32
2 path.c:205 0x123fc839 6
2 path.c:205 0x123fc7d9 8
2 path.c:205 0x123fc5a9 12
2 path.c:205 0x123fc819 6
3 path.c:223 0x123fc8d9 0x123fc8d9 32 32
1 bdtBad5.c:143 0x123fc859 32
2 path.c:178 0x123fc429 24
1 dynarray.c:84 0x123fc479 24
2 dynarray.c:95 0x123fc919 32
2 path.c:191 0x123fc959 32
2 path.c:205 0x123fc7f9 6
2 path.c:205 0x123fc619 8
2 path.c:205 0x123fc999 12
2 path.c:205 0x123fc9b9 6
3 path.c:223 0x123fc959 0x123fc959 32 32
4 path.c:246 0x123fc8d9 32
4 path.c:31 0x123fc839 6
4 path.c:31 0x123fc7d9 8
4 path.c:31 0x123fc5a9 12
4 path.c:31 0x123fc819 6
4 dynarray.c:112 0x123fc899 32
4 dynarray.c:113 0x123fc3a9 24
4 path.c:254 0x123fc1e9 24
4 path.c:246 0x123fc729 32
4 path.c:31 0x123fc459 6
4 path.c:31 0x123fc4a9 8
4 path.c:31 0x123fc409 12
4 path.c:31 0x123fc5f9 6
4 dynarray.c:112 0x123fc799 32
4 dynarray.c:113 0x123fc5c9 24
4 path.c:254 0x123fc269 24
2 path.c:128 0x123fc269 24
1 dynarray.c:84 0x123fc3a9 24
2 dynarray.c:95 0x123fc5c9 16
2 path.c:90 0x123fc5f9 6
2 path.c:90 0x123fc409 8
2 path.c:90 0x123fc4a9 12
3 dynarray.c:69 0x123fc799 0x123fc5c9 16 32
2 path.c:90 0x123fc459 6
1 path.c:143 0x123fc8d9 32
2 path.c:178 0x123fc5c9 24
1 dynarray.c:84 0x123fc1e9 24
2 dynarray.c:95 0x123fc549 16
2 path.c:191 0x123fc729 32
2 path.c:205 0x123fc819 6
3 path.c:223 0x123fc729 0x123fc729 32 6
4 path.c:246 0x123fc729 6
4 path.c:31 0x123fc819 6
4 dynarray.c:112 0x123fc549 16
4 dynarray.c:113 0x123fc1e9 24
4 path.c:254 0x123fc5c9 24
2 path.c:178 0x123fc5c9 24
1 dynarray.c:84 0x123fc769 24
2 dynarray.c:95 0x123fc1e9 16
2 path.c:191 0x123fc9d9 32
2 path.c:205 0x123fc819 6
2 path.c:205 0x123fc729 8
3 path.c:223 0x123fc9d9 0x123fc9d9 32 14
4 path.c:246 0x123fc9d9 14
4 path.c:31 0x123fc819 6
4 path.c:31 0x123fc729 8
4 dynarray.c:112 0x123fc1e9 16
4 dynarray.c:113 0x123fc769 24
4 path.c:254 0x123fc5c9 24
2 path.c:178 0x123fc5c9 24
1 dynarray.c:84 0x123fc549 24
2 dynarray.c:95 0x123fc769 24
2 path.c:191 0x123fca19 32
2 path.c:205 0x123fc729 6
2 path.c:205 0x123fc819 8
2 path.c:205 0x123fc9d9 12
3 path.c:223 0x123fca19 0x123fca19 32 26
4 path.c:246 0x123fca19 26
4 path.c:31 0x123fc729 6
4 path.c:31 0x123fc819 8
4 path.c:31 0x123fc9d9 12
4 dynarray.c:112 0x123fc769 24
4 dynarray.c:113 0x123fc549 24
4 path.c:254 0x123fc5c9 24
2 path.c:178 0x123fc5c9 24
1 dynarray.c:84 0x123fc1e9 24
2 dynarray.c:95 0x123fca19 32
2 path.c:191 0x123fca59 32
2 path.c:205 0x123fc9d9 6
2 path.c:205 0x123fc819 8
2 path.c:205 0x123fc729 12
2 path.c:205 0x123fc9f9 6
3 path.c:223 0x123fca59 0x123fca59 32 32
4 path.c:246 0x123fca59 32
4 path.c:31 0x123fc9d9 6
4 path.c:31 0x123fc819 8
4 path.c:31 0x123fc729 12
4 path.c:31 0x123fc9f9 6
4 dynarray.c:112 0x123fca19 32
4 dynarray.c:113 0x123fc1e9 24
4 path.c:254 0x123fc5c9 24
4 path.c:246 0x123fc8d9 32
4 path.c:31 0x123fc5f9 6
4 path.c:31 0x123fc409 8
4 path.c:31 0x123fc4a9 12
4 path.c:31 0x123fc459 6
4 dynarray.c:112 0x123fc799 32
4 dynarray.c:113 0x123fc3a9 24
4 path.c:254 0x123fc269 24
1 dynarray.c:84 0x123fc1e9 24
2 dynarray.c:95 0x123fca99 48
1 bdtBad5.c:662 0x123fcae9 117
4 dynarray.c:112 0x123fca99 48
4 dynarray.c:113 0x123fc1e9 24
4 bdt_client.c:96 0x123fcae9 117
2 path.c:128 0x123fc269 24
1 dynarray.c:84 0x123fc1e9 24
2 dynarray.c:95 0x123fc3a9 16
2 path.c:90 0x123fc459 6
2 path.c:90 0x123fc4a9 8
2 path.c:90 0x123fc409 12
3 dynarray.c:69 0x123fc799 0x123fc3a9 16 32
2 path.c:90 0x123fc5f9 6
1 path.c:143 0x123fc899 32
2 path.c:178 0x123fc3a9 24
1 dynarray.c:84 0x123fc5c9 24
2 dynarray.c:95 0x123fc549 16
2 path.c:191 0x123fc8d9 32
2 path.c:205 0x123fc9f9 6
3 path.c:223 0x123fc8d9 0x123fc8d9 32 6
4 path.c:246 0x123fc8d9 6
4 path.c:31 0x123fc9f9 6
4 dynarray.c:112 0x123fc549 16
4 dynarray.c:113 0x123fc5c9 24
4 path.c:254 0x123fc3a9 24
2 path.c:178 0x123fc3a9 24
1 dynarray.c:84 0x123fc769 24
2 dynarray.c:95 0x123fc5c9 16
2 path.c:191 0x123fca59 32
2 path.c:205 0x123fc9f9 6
2 path.c:205 0x123fc8d9 8
3 path.c:223 0x123fca59 0x123fca59 32 14
4 path.c:246 0x123fca59 14
4 path.c:31 0x123fc9f9 6
4 path.c:31 0x123fc8d9 8
4 dynarray.c:112 0x123fc5c9 16
4 dynarray.c:113 0x123fc769 24
4 path.c:254 0x123fc3a9 24
2 path.c:178 0x123fc3a9 24
1 dynarray.c:84 0x123fc549 24
2 dynarray.c:95 0x123fc769 24
2 path.c:191 0x123fcb79 32
2 path.c:205 0x123fc8d9 6
2 path.c:205 0x123fc9f9 8
2 path.c:205 0x123fca59 12
3 path.c:223 0x123fcb79 0x123fcb79 32 26
4 path.c:246 0x123fcb79 26
4 path.c:31 0x123fc8d9 6
4 path.c:31 0x123fc9f9 8
4 path.c:31 0x123fca59 12
4 dynarray.c:112 0x123fc769 24
4 dynarray.c:113 0x123fc549 24
4 path.c:254 0x123fc3a9 24
2 path.c:178 0x123fc3a9 24
1 dynarray.c:84 0x123fc5c9 24
2 dynarray.c:95 0x123fcb79 32
2 path.c:191 0x123fcbb9 32
2 path.c:205 0x123fca59 6
2 path.c:205 0x123fc9f9 8
2 path.c:205 0x123fc8d9 12
2 path.c:205 0x123fca79 6
3 path.c:223 0x123fcbb9 0x123fcbb9 32 32
4 path.c:246 0x123fcbb9 32
4 path.c:31 0x123fca59 6
4 path.c:31 0x123fc9f9 8
4 path.c:31 0x123fc8d9 12
4 path.c:31 0x123fca79 6
4 dynarray.c:112 0x123fcb79 32
4 dynarray.c:113 0x123fc5c9 24
4 path.c:254 0x123fc3a9 24
4 path.c:246 0x123fc899 32
4 path.c:31 0x123fc459 6
4 path.c:31 0x123fc4a9 8
4 path.c:31 0x123fc409 12
4 path.c:31 0x123fc5f9 6
4 dynarray.c:112 0x123fc799 32
4 dynarray.c:113 0x123fc1e9 24
4 path.c:254 0x123fc269 24
2 path.c:128 0x123fc269 24
1 dynarray.c:84 0x123fc5c9 24
2 dynarray.c:95 0x123fc1e9 16
2 path.c:90 0x123fc5f9 6
2 path.c:90 0x123fc409 8
2 path.c:90 0x123fc4a9 8
3 dynarray.c:69 0x123fc799 0x123fc1e9 16 32
1 path.c:143 0x123fc3a9 22
2 path.c:178 0x123fc1e9 24
1 dynarray.c:84 0x123fc549 24
2 dynarray.c:95 0x123fc769 16
2 path.c:191 0x123fcbf9 22
2 path.c:205 0x123fc459 6
3 path.c:223 0x123fcbf9 0x123fcbf9 22 6
4 path.c:246 0x123fcbf9 6
4 path.c:31 0x123fc459 6
4 dynarray.c:112 0x123fc769 16
4 dynarray.c:113 0x123fc549 24
4 path.c:254 0x123fc1e9 24
2 path.c:178 0x123fc1e9 24
1 dynarray.c:84 0x123fcbf9 24
2 dynarray.c:95 0x123fc549 16
2 path.c:191 0x123fcc29 22
2 path.c:205 0x123fc459 6
2 path.c:205 0x123fca79 8
3 path.c:223 0x123fcc29 0x123fcc29 22 14
4 path.c:246 0x123fcc29 14
4 path.c:31 0x123fc459 6
4 path.c:31 0x123fca79 8
4 dynarray.c:112 0x123fc549 16
4 dynarray.c:113 0x123fcbf9 24
4 path.c:254 0x123fc1e9 24
2 path.c:178 0x123fc1e9 24
1 dynarray.c:84 0x123fc769 24
2 dynarray.c:95 0x123fcbf9 24
2 path.c:191 0x123fcc29 22
2 path.c:205 0x123fca79 6
2 path.c:205 0x123fc459 8
2 path.c:205 0x123fc8d9 8
3 path.c:223 0x123fcc29 0x123fcc29 22 22
4 path.c:246 0x123fcc29 22
4 path.c:31 0x123fca79 6
4 path.c:31 0x123fc459 8
4 path.c:31 0x123fc8d9 8
4 dynarray.c:112 0x123fcbf9 24
4 dynarray.c:113 0x123fc769 24
4 path.c:254 0x123fc1e9 24
2 path.c:128 0x123fc1e9 24
1 dynarray.c:84 0x123fc549 24
2 dynarray.c:95 0x123fc769 16
2 path.c:90 0x123fc8d9 6
2 path.c:90 0x123fc459 8
2 path.c:90 0x123fca79 8
3 dynarray.c:69 0x123fc899 0x123fc769 16 32
1 path.c:143 0x123fcbf9 22
2 path.c:178 0x123fc769 24
1 dynarray.c:84 0x123fcc29 24
2 dynarray.c:95 0x123fcc59 16
2 path.c:191 0x123fcc89 22
2 path.c:205 0x123fc9f9 6
3 path.c:223 0x123fcc89 0x123fcc89 22 6
4 path.c:246 0x123fcc89 6
4 path.c:31 0x123fc9f9 6
4 dynarray.c:112 0x123fcc59 16
4 dynarray.c:113 0x123fcc29 24
4 path.c:254 0x123fc769 24
2 path.c:178 0x123fc769 24
1 dynarray.c:84 0x123fcc89 24
2 dynarray.c:95 0x123fcc29 16
2 path.c:191 0x123fccb9 22
2 path.c:205 0x123fc9f9 6
2 path.c:205 0x123fca59 8
3 path.c:223 0x123fccb9 0x123fccb9 22 14
4 path.c:246 0x123fccb9 14
4 path.c:31 0x123fc9f9 6
4 path.c:31 0x123fca59 8
4 dynarray.c:112 0x123fcc29 16
4 dynarray.c:113 0x123fcc89 24
4 path.c:254 0x123fc769 24
2 path.c:178 0x123fc769 24
1 dynarray.c:84 0x123fcc59 24
2 dynarray.c:95 0x123fcc89 24
2 path.c:191 0x123fccb9 22
2 path.c:205 0x123fca59 6
2 path.c:205 0x123fc9f9 8
2 path.c:205 0x123fc8f9 8
3 path.c:223 0x123fccb9 0x123fccb9 22 22
4 path.c:246 0x123fccb9 22
4 path.c:31 0x123fca59 6
4 path.c:31 0x123fc9f9 8
4 path.c:31 0x123fc8f9 8
4 dynarray.c:112 0x123fcc89 24
4 dynarray.c:113 0x123fcc59 24
4 path.c:254 0x123fc769 24
2 path.c:128 0x123fc769 24
1 dynarray.c:84 0x123fcc29 24
2 dynarray.c:95 0x123fcc59 16
2 path.c:90 0x123fc8f9 6
2 path.c:90 0x123fc9f9 8
2 path.c:90 0x123fca59 8
3 dynarray.c:69 0x123fcb79 0x123fcc59 16 32
1 path.c:143 0x123fcc89 22
2 path.c:178 0x123fcc59 24
1 dynarray.c:84 0x123fccb9 24
2 dynarray.c:95 0x123fcce9 16
2 path.c:191 0x123fcd19 22
2 path.c:205 0x123fc729 6
3 path.c:223 0x123fcd19 0x123fcd19 22 6
4 path.c:246 0x123fcd19 6
4 path.c:31 0x123fc729 6
4 dynarray.c:112 0x123fcce9 16
4 dynarray.c:113 0x123fccb9 24
4 path.c:254 0x123fcc59 24
2 path.c:178 0x123fcc59 24
1 dynarray.c:84 0x123fcd19 24
2 dynarray.c:95 0x123fccb9 16
2 path.c:191 0x123fcd49 22
2 path.c:205 0x123fc729 6
2 path.c:205 0x123fc819 8
3 path.c:223 0x123fcd49 0x123fcd49 22 14
4 path.c:246 0x123fcd49 14
4 path.c:31 0x123fc729 6
4 path.c:31 0x123fc819 8
4 dynarray.c:112 0x123fccb9 16
4 dynarray.c:113 0x123fcd19 24
4 path.c:254 0x123fcc59 24
2 path.c:178 0x123fcc59 24
1 dynarray.c:84 0x123fcce9 24
2 dynarray.c:95 0x123fcd19 24
2 path.c:191 0x123fcd49 22
2 path.c:205 0x123fc819 6
2 path.c:205 0x123fc729 8
2 path.c:205 0x123fc9d9 8
3 path.c:223 0x123fcd49 0x123fcd49 22 22
4 path.c:246 0x123fcd49 22
4 path.c:31 0x123fc819 6
4 path.c:31 0x123fc729 8
4 path.c:31 0x123fc9d9 8
4 dynarray.c:112 0x123fcd19 24
4 dynarray.c:113 0x123fcce9 24
4 path.c:254 0x123fcc59 24
2 path.c:128 0x123fcc59 24
1 dynarray.c:84 0x123fccb9 24
2 dynarray.c:95 0x123fcce9 16
2 path.c:90 0x123fc9d9 6
2 path.c:90 0x123fc729 8
1 path.c:143 0x123fbf59 14
2 path.c:178 0x123fcd49 24
1 dynarray.c:84 0x123fcd19 24
2 dynarray.c:95 0x123fcd79 16
2 path.c:191 0x123fc819 14
2 path.c:205 0x123fc5a9 6
3 path.c:223 0x123fc819 0x123fc819 14 6
4 path.c:246 0x123fc819 6
4 path.c:31 0x123fc5a9 6
4 dynarray.c:112 0x123fcd79 16
4 dynarray.c:113 0x123fcd19 24
4 path.c:254 0x123fcd49 24
2 path.c:178 0x123fcd49 24
1 dynarray.c:84 0x123fcd79 24
2 dynarray.c:95 0x123fcd19 16
2 path.c:191 0x123fc5a9 14
2 path.c:205 0x123fc819 6
2 path.c:205 0x123fc7d9 8
3 path.c:223 0x123fc5a9 0x123fc5a9 14 14
4 path.c:246 0x123fc5a9 14
4 path.c:31 0x123fc819 6
4 path.c:31 0x123fc7d9 8
4 dynarray.c:112 0x123fcd19 16
4 dynarray.c:113 0x123fcd79 24
4 path.c:254 0x123fcd49 24
4 path.c:246 0x123fbf59 14
4 path.c:31 0x123fc9d9 6
4 path.c:31 0x123fc729 8
4 dynarray.c:112 0x123fcce9 16
4 dynarray.c:113 0x123fccb9 24
4 path.c:254 0x123fcc59 24
4 path.c:246 0x123fc959 32
4 path.c:31 0x123fc7f9 6
4 path.c:31 0x123fc619 8
4 path.c:31 0x123fc999 12
4 path.c:31 0x123fc9b9 6
4 dynarray.c:112 0x123fc919 32
4 dynarray.c:113 0x123fc479 24
4 path.c:254 0x123fc429 24
4 bdtBad5.c:263 0x123fc859 32
4 path.c:246 0x123fc699 26
4 path.c:31 0x123fc6c9 6
4 path.c:31 0x123fc6e9 8
4 path.c:31 0x123fc709 12
4 dynarray.c:112 0x123fc669 24
4 dynarray.c:113 0x123fc579 24
4 path.c:254 0x123fc639 24
4 bdtBad5.c:263 0x123fc369 32
4 path.c:246 0x123fbe99 14
4 path.c:31 0x123fbeb9 6
4 path.c:31 0x123fbed9 8
4 dynarray.c:112 0x123fbe69 16
4 dynarray.c:113 0x123fb709 24
4 path.c:254 0x123fbdb9 24
4 bdtBad5.c:263 0x123fbe29 32
2 path.c:128 0x123fbdb9 24
1 dynarray.c:84 0x123fcd19 24
2 dynarray.c:95 0x123fb709 16
2 path.c:90 0x123fbed9 6
1 path.c:143 0x123fc749 6
2 path.c:178 0x123fc639 24
1 dynarray.c:84 0x123fbe69 24
2 dynarray.c:95 0x123fc579 16
2 path.c:191 0x123fbeb9 6
2 path.c:205 0x123fc709 6
3 path.c:223 0x123fbeb9 0x123fbeb9 6 6
4 path.c:246 0x123fbeb9 6
4 path.c:31 0x123fc709 6
4 dynarray.c:112 0x123fc579 16
4 dynarray.c:113 0x123fbe69 24
4 path.c:254 0x123fc639 24
4 path.c:246 0x123fc749 6
4 path.c:31 0x123fbed9 6
4 dynarray.c:112 0x123fb709 16
4 dynarray.c:113 0x123fcd19 24
4 path.c:254 0x123fbdb9 24
2 path.c:128 0x123fbdb9 24
1 dynarray.c:84 0x123fc669 24
2 dynarray.c:95 0x123fcd19 16
2 path.c:90 0x123fbed9 6
2 path.c:90 0x123fc749 7
1 path.c:143 0x123fbe99 13
2 path.c:178 0x123fc639 24
1 dynarray.c:84 0x123fb709 24
2 dynarray.c:95 0x123fbe69 16
2 path.c:191 0x123fc709 13
2 path.c:205 0x123fc6e9 6
3 path.c:223 0x123fc709 0x123fc709 13 6
4 path.c:246 0x123fc709 6
4 path.c:31 0x123fc6e9 6
4 dynarray.c:112 0x123fbe69 16
4 dynarray.c:113 0x123fb709 24
4 path.c:254 0x123fc639 24
2 path.c:178 0x123fc639 24
1 dynarray.c:84 0x123fc579 24
2 dynarray.c:95 0x123fb709 16
2 path.c:191 0x123fc6e9 13
2 path.c:205 0x123fc709 6
2 path.c:205 0x123fc6c9 7
3 path.c:223 0x123fc6e9 0x123fc6e9 13 13
4 path.c:246 0x123fc6e9 13
4 path.c:31 0x123fc709 6
4 path.c:31 0x123fc6c9 7
4 dynarray.c:112 0x123fb709 16
4 dynarray.c:113 0x123fc579 24
4 path.c:254 0x123fc639 24
4 path.c:246 0x123fbe99 13
4 path.c:31 0x123fbed9 6
4 path.c:31 0x123fc749 7
4 dynarray.c:112 0x123fcd19 16
4 dynarray.c:113 0x123fc669 24
4 path.c:254 0x123fbdb9 24
2 path.c:128 0x123fbdb9 24
1 dynarray.c:84 0x123fbe69 24
2 dynarray.c:95 0x123fc669 16
2 path.c:90 0x123fc749 6
2 path.c:90 0x123fbed9 8
1 path.c:143 0x123fbeb9 14
2 path.c:178 0x123fc639 24
1 dynarray.c:84 0x123fcd19 24
2 dynarray.c:95 0x123fc579 16
2 path.c:191 0x123fbe99 14
2 path.c:205 0x123fc709 6
3 path.c:223 0x123fbe99 0x123fbe99 14 6
4 path.c:246 0x123fbe99 6
4 path.c:31 0x123fc709 6
4 dynarray.c:112 0x123fc579 16
4 dynarray.c:113 0x123fcd19 24
4 path.c:254 0x123fc639 24
2 path.c:178 0x123fc639 24
1 dynarray.c:84 0x123fb709 24
2 dynarray.c:95 0x123fcd19 16
2 path.c:191 0x123fc709 14
2 path.c:205 0x123fbe99 6
2 path.c:205 0x123fc6e9 8
3 path.c:223 0x123fc709 0x123fc709 14 14
4 path.c:246 0x123fc709 14
4 path.c:31 0x123fbe99 6
4 path.c:31 0x123fc6e9 8
4 dynarray.c:112 0x123fcd19 16
4 dynarray.c:113 0x123fb709 24
4 path.c:254 0x123fc639 24
2 path.c:128 0x123fc639 24
1 dynarray.c:84 0x123fc579 24
2 dynarray.c:95 0x123fb709 16
2 path.c:90 0x123fc6e9 6
2 path.c:90 0x123fbe99 8
2 path.c:90 0x123fc709 12
3 dynarray.c:69 0x123fbe29 0x123fb709 16 32
1 path.c:143 0x123fcd19 26
2 path.c:178 0x123fb709 24
1 dynarray.c:84 0x123fc699 24
2 dynarray.c:95 0x123fc429 16
2 path.c:191 0x123fcc59 26
2 path.c:205 0x123fc9b9 6
3 path.c:223 0x123fcc59 0x123fcc59 26 6
4 path.c:246 0x123fcc59 6
4 path.c:31 0x123fc9b9 6
4 dynarray.c:112 0x123fc429 16
4 dynarray.c:113 0x123fc699 24
4 path.c:254 0x123fb709 24
2 path.c:178 0x123fb709 24
1 dynarray.c:84 0x123fc479 24
2 dynarray.c:95 0x123fc699 16
2 path.c:191 0x123fcc59 26
2 path.c:205 0x123fc9b9 6
2 path.c:205 0x123fc999 8
3 path.c:223 0x123fcc59 0x123fcc59 26 14
4 path.c:246 0x123fcc59 14
4 path.c:31 0x123fc9b9 6
4 path.c:31 0x123fc999 8
4 dynarray.c:112 0x123fc699 16
4 dynarray.c:113 0x123fc479 24
4 path.c:254 0x123fb709 24
2 path.c:128 0x123fb709 24
1 dynarray.c:84 0x123fc429 24
2 dynarray.c:95 0x123fc479 16
2 path.c:90 0x123fc999 6
2 path.c:90 0x123fc9b9 8
2 path.c:90 0x123fc619 12
3 dynarray.c:69 0x123fc369 0x123fc479 16 32
2 path.c:90 0x123fc7f9 6
1 path.c:143 0x123fca19 32
2 path.c:178 0x123fc479 24
1 dynarray.c:84 0x123fc699 24
2 dynarray.c:95 0x123fcc59 16
2 path.c:191 0x123fc859 32
2 path.c:205 0x123fc729 6
3 path.c:223 0x123fc859 0x123fc859 32 6
4 path.c:246 0x123fc859 6
4 path.c:31 0x123fc729 6
4 dynarray.c:112 0x123fcc59 16
4 dynarray.c:113 0x123fc699 24
4 path.c:254 0x123fc479 24
2 path.c:178 0x123fc479 24
1 dynarray.c:84 0x123fccb9 24
2 dynarray.c:95 0x123fc699 16
2 path.c:191 0x123fc959 32
2 path.c:205 0x123fc729 6
2 path.c:205 0x123fc859 8
3 path.c:223 0x123fc959 0x123fc959 32 14
4 path.c:246 0x123fc959 14
4 path.c:31 0x123fc729 6
4 path.c:31 0x123fc859 8
4 dynarray.c:112 0x123fc699 16
4 dynarray.c:113 0x123fccb9 24
4 path.c:254 0x123fc479 24
1 dynarray.c:84 0x123fcc59 24
2 dynarray.c:95 0x123fc479 24
1 bdtBad5.c:662 0x123fc919 45
4 dynarray.c:112 0x123fc479 24
4 dynarray.c:113 0x123fcc59 24
4 bdt_client.c:113 0x123fc919 45
2 path.c:128 0x123fcc59 24
1 dynarray.c:84 0x123fccb9 24
2 dynarray.c:95 0x123fc479 16
2 path.c:90 0x123fc859 13
1 path.c:143 0x123fc6c9 13
2 path.c:178 0x123fcce9 24
1 dynarray.c:84 0x123fc699 24
2 dynarray.c:95 0x123fcd49 16
2 path.c:191 0x123fc729 13
2 path.c:205 0x123fc979 13
3 path.c:223 0x123fc729 0x123fc729 13 13
4 path.c:246 0x123fc729 13
4 path.c:31 0x123fc979 13
4 dynarray.c:112 0x123fcd49 16
4 dynarray.c:113 0x123fc699 24
4 path.c:254 0x123fcce9 24
4 path.c:246 0x123fc6c9 13
4 path.c:31 0x123fc859 13
4 dynarray.c:112 0x123fc479 16
4 dynarray.c:113 0x123fccb9 24
4 path.c:254 0x123fcc59 24
2 path.c:128 0x123fcc59 24
1 dynarray.c:84 0x123fcd79 24
2 dynarray.c:95 0x123fccb9 16
2 path.c:90 0x123fc859 6
1 path.c:143 0x123fc959 6
2 path.c:178 0x123fcce9 24
1 dynarray.c:84 0x123fc479 24
2 dynarray.c:95 0x123fc699 16
2 path.c:191 0x123fc6c9 6
2 path.c:205 0x123fc729 6
3 path.c:223 0x123fc6c9 0x123fc6c9 6 6
4 path.c:246 0x123fc6c9 6
4 path.c:31 0x123fc729 6
4 dynarray.c:112 0x123fc699 16
4 dynarray.c:113 0x123fc479 24
4 path.c:254 0x123fcce9 24
4 path.c:246 0x123fc959 6
4 path.c:31 0x123fc859 6
4 dynarray.c:112 0x123fccb9 16
4 dynarray.c:113 0x123fcd79 24
4 path.c:254 0x123fcc59 24
4 path.c:246 0x123fbbf9 25
4 path.c:31 0x123fbc29 6
4 path.c:31 0x123fbc49 7
4 path.c:31 0x123fbc69 12
4 dynarray.c:112 0x123fbbc9 24
4 dynarray.c:113 0x123fb909 24
4 path.c:254 0x123fbb99 24
4 bdtBad5.c:263 0x123fbb59 32
4 path.c:246 0x123fbaa9 13
4 path.c:31 0x123fbac9 6
4 path.c:31 0x123fbae9 7
4 dynarray.c:112 0x123fba79 16
4 dynarray.c:113 0x123fb599 24
4 path.c:254 0x123fba49 24
4 bdtBad5.c:263 0x123fba09 32
4 path.c:246 0x123fb849 6
4 path.c:31 0x123fb869 6
4 dynarray.c:112 0x123fb819 16
4 dynarray.c:113 0x123fb5f9 24
4 path.c:254 0x123fb7e9 24
4 bdtBad5.c:263 0x123fb7a9 32
2 path.c:128 0x123fb7e9 24
1 dynarray.c:84 0x123fcd49 24
2 dynarray.c:95 0x123fb5f9 16
2 path.c:90 0x123fb869 6
2 path.c:90 0x123fb849 7
1 path.c:143 0x123fc979 13
4 path.c:246 0x123fc979 13
4 path.c:31 0x123fb869 6
4 path.c:31 0x123fb849 7
4 dynarray.c:112 0x123fb5f9 16
4 dynarray.c:113 0x123fcd49 24
4 path.c:254 0x123fb7e9 24
2 path.c:128 0x123fb7e9 24
1 dynarray.c:84 0x123fb819 24
2 dynarray.c:95 0x123fcd49 16
2 path.c:90 0x123fb849 6
1 path.c:143 0x123fc979 6
4 path.c:246 0x123fc979 6
4 path.c:31 0x123fb849 6
4 dynarray.c:112 0x123fcd49 16
4 dynarray.c:113 0x123fb819 24
4 path.c:254 0x123fb7e9 24
2 path.c:128 0x123fb7e9 24
1 dynarray.c:84 0x123fb5f9 24
2 dynarray.c:95 0x123fb819 16
2 path.c:90 0x123fb849 6
1 path.c:143 0x123fc979 6
4 path.c:246 0x123fc979 6
4 path.c:31 0x123fb849 6
4 dynarray.c:112 0x123fb819 16
4 dynarray.c:113 0x123fb5f9 24
4 path.c:254 0x123fb7e9 24
2 path.c:128 0x123fb7e9 24
1 dynarray.c:84 0x123fcd49 24
2 dynarray.c:95 0x123fb5f9 16
2 path.c:90 0x123fb849 13
1 path.c:143 0x123fc979 13
4 path.c:246 0x123fc979 13
4 path.c:31 0x123fb849 13
4 dynarray.c:112 0x123fb5f9 16
4 dynarray.c:113 0x123fcd49 24
4 path.c:254 0x123fb7e9 24
1 dynarray.c:84 0x123fb819 24
2 dynarray.c:95 0x123fb7e9 16
1 bdtBad5.c:662 0x123fc979 1
4 dynarray.c:112 0x123fb7e9 16
4 dynarray.c:113 0x123fb819 24
4 bdt_client.c:124 0x123fc979 1
2 path.c:128 0x123fb819 24
1 dynarray.c:84 0x123fcd49 24
2 dynarray.c:95 0x123fb7e9 16
2 path.c:90 0x123fb849 2
2 path.c:90 0x123fb869 2
1 path.c:143 0x123fc979 4
2 path.c:178 0x123fba49 24
1 dynarray.c:84 0x123fb5f9 24
2 dynarray.c:95 0x123fb599 16
2 path.c:191 0x123fbae9 4
2 path.c:205 0x123fbaa9 2
3 path.c:223 0x123fbae9 0x123fbae9 4 2
1 bdtBad5.c:143 0x123fc919 32
2 path.c:178 0x123fbb99 24
1 dynarray.c:84 0x123fba79 24
2 dynarray.c:95 0x123fb909 16
2 path.c:191 0x123fbc69 2
2 path.c:205 0x123fbc49 2
3 path.c:223 0x123fbc69 0x123fbc69 2 2
4 path.c:246 0x123fbae9 2
4 path.c:31 0x123fbaa9 2
4 dynarray.c:112 0x123fb599 16
4 dynarray.c:113 0x123fb5f9 24
4 path.c:254 0x123fba49 24
2 path.c:178 0x123fba49 24
1 dynarray.c:84 0x123fbbc9 24
2 dynarray.c:95 0x123fb5f9 16
2 path.c:191 0x123fbaa9 4
2 path.c:205 0x123fbae9 2
2 path.c:205 0x123fbc29 2
3 path.c:223 0x123fbaa9 0x123fbaa9 4 4
1 bdtBad5.c:143 0x123fc509 32
2 path.c:178 0x123fbbf9 24
1 dynarray.c:84 0x123fb599 24
2 dynarray.c:95 0x123fcc59 16
2 path.c:191 0x123fc859 4
2 path.c:205 0x123fc959 2
2 path.c:205 0x123fc729 2
3 path.c:223 0x123fc859 0x123fc859 4 4
4 path.c:246 0x123fbaa9 4
4 path.c:31 0x123fbae9 2
4 path.c:31 0x123fbc29 2
4 dynarray.c:112 0x123fb5f9 16
4 dynarray.c:113 0x123fbbc9 24
4 path.c:254 0x123fba49 24
4 path.c:246 0x123fc979 4
4 path.c:31 0x123fb849 2
4 path.c:31 0x123fb869 2
4 dynarray.c:112 0x123fb7e9 16
4 dynarray.c:113 0x123fcd49 24
4 path.c:254 0x123fb819 24
1 dynarray.c:84 0x123fcd79 24
2 dynarray.c:95 0x123fb819 16
1 bdtBad5.c:662 0x123fbac9 7
4 dynarray.c:112 0x123fb819 16
4 dynarray.c:113 0x123fcd79 24
4 bdt_client.c:136 0x123fbac9 7
2 path.c:128 0x123fcd79 24
1 dynarray.c:84 0x123fcd49 24
2 dynarray.c:95 0x123fb819 16
2 path.c:90 0x123fb869 2
2 path.c:90 0x123fb849 2
1 path.c:143 0x123fbac9 4
2 path.c:178 0x123fba49 24
1 dynarray.c:84 0x123fb7e9 24
2 dynarray.c:95 0x123fbbc9 16
2 path.c:191 0x123fc979 4
2 path.c:205 0x123fbae9 2
3 path.c:223 0x123fc979 0x123fc979 4 2
4 path.c:246 0x123fc979 2
4 path.c:31 0x123fbae9 2
4 dynarray.c:112 0x123fbbc9 16
4 dynarray.c:113 0x123fb7e9 24
4 path.c:254 0x123fba49 24
2 path.c:178 0x123fba49 24
1 dynarray.c:84 0x123fb5f9 24
2 dynarray.c:95 0x123fb7e9 16
2 path.c:191 0x123fbae9 4
2 path.c:205 0x123fc979 2
2 path.c:205 0x123fbaa9 2
3 path.c:223 0x123fbae9 0x123fbae9 4 4
4 path.c:246 0x123fbae9 4
4 path.c:31 0x123fc979 2
4 path.c:31 0x123fbaa9 2
4 dynarray.c:112 0x123fb7e9 16
4 dynarray.c:113 0x123fb5f9 24
4 path.c:254 0x123fba49 24
2 path.c:178 0x123fba49 24
1 dynarray.c:84 0x123fbbc9 24
2 dynarray.c:95 0x123fb5f9 16
2 path.c:191 0x123fbaa9 4
2 path.c:205 0x123fc979 2
2 path.c:205 0x123fbae9 2
3 path.c:223 0x123fbaa9 0x123fbaa9 4 4
1 bdtBad5.c:143 0x123fc2b9 32
2 path.c:178 0x123fccb9 24
1 dynarray.c:84 0x123fb7e9 24
2 dynarray.c:95 0x123fcce9 16
2 path.c:191 0x123fc6c9 4
2 path.c:205 0x123fc879 2
2 path.c:205 0x123fc9d9 2
3 path.c:223 0x123fc6c9 0x123fc6c9 4 4
4 path.c:246 0x123fbaa9 4
4 path.c:31 0x123fc979 2
4 path.c:31 0x123fbae9 2
4 dynarray.c:112 0x123fb5f9 16
4 dynarray.c:113 0x123fbbc9 24
4 path.c:254 0x123fba49 24
4 path.c:246 0x123fbac9 4
4 path.c:31 0x123fb869 2
4 path.c:31 0x123fb849 2
4 dynarray.c:112 0x123fb819 16
4 dynarray.c:113 0x123fcd49 24
4 path.c:254 0x123fcd79 24
1 dynarray.c:84 0x123fc479 24
2 dynarray.c:95 0x123fcd79 24
1 bdtBad5.c:662 0x123fbc29 11
4 dynarray.c:112 0x123fcd79 24
4 dynarray.c:113 0x123fc479 24
4 bdt_client.c:140 0x123fbc29 11
2 path.c:128 0x123fc479 24
1 dynarray.c:84 0x123fcd49 24
2 dynarray.c:95 0x123fcd79 16
2 path.c:90 0x123fb849 2
2 path.c:90 0x123fb869 2
1 path.c:143 0x123fbc29 4
2 path.c:178 0x123fba49 24
1 dynarray.c:84 0x123fb819 24
2 dynarray.c:95 0x123fbbc9 16
2 path.c:191 0x123fbac9 4
2 path.c:205 0x123fc979 2
3 path.c:223 0x123fbac9 0x123fbac9 4 2
4 path.c:246 0x123fbac9 2
4 path.c:31 0x123fc979 2
4 dynarray.c:112 0x123fbbc9 16
4 dynarray.c:113 0x123fb819 24
4 path.c:254 0x123fba49 24
2 path.c:178 0x123fba49 24
1 dynarray.c:84 0x123fb5f9 24
2 dynarray.c:95 0x123fb819 16
2 path.c:191 0x123fc979 4
2 path.c:205 0x123fbac9 2
2 path.c:205 0x123fbaa9 2
3 path.c:223 0x123fc979 0x123fc979 4 4
4 path.c:246 0x123fc979 4
4 path.c:31 0x123fbac9 2
4 path.c:31 0x123fbaa9 2
4 dynarray.c:112 0x123fb819 16
4 dynarray.c:113 0x123fb5f9 24
4 path.c:254 0x123fba49 24
4 path.c:246 0x123fbc29 4
4 path.c:31 0x123fb849 2
4 path.c:31 0x123fb869 2
4 dynarray.c:112 0x123fcd79 16
4 dynarray.c:113 0x123fcd49 24
4 path.c:254 0x123fc479 24
4 path.c:246 0x123fc859 4
4 path.c:31 0x123fc959 2
4 path.c:31 0x123fc729 2
4 dynarray.c:112 0x123fcc59 16
4 dynarray.c:113 0x123fb599 24
4 path.c:254 0x123fbbf9 24
4 bdtBad5.c:263 0x123fc509 32
1 dynarray.c:84 0x123fbbc9 24
2 dynarray.c:95 0x123fbbf9 16
1 bdtBad5.c:662 0x123fbae9 7
4 dynarray.c:112 0x123fbbf9 16
4 dynarray.c:113 0x123fbbc9 24
4 bdt_client.c:144 0x123fbae9 7
2 path.c:128 0x123fbbc9 24
1 dynarray.c:84 0x123fb599 24
2 dynarray.c:95 0x123fbbf9 16
2 path.c:90 0x123fc729 2
2 path.c:90 0x123fc959 3
1 path.c:143 0x123fbae9 5
2 path.c:178 0x123fc479 24
1 dynarray.c:84 0x123fcc59 24
2 dynarray.c:95 0x123fcd49 16
2 path.c:191 0x123fc859 5
2 path.c:205 0x123fb849 2
3 path.c:223 0x123fc859 0x123fc859 5 2
4 path.c:246 0x123fc859 2
4 path.c:31 0x123fb849 2
4 dynarray.c:112 0x123fcd49 16
4 dynarray.c:113 0x123fcc59 24
4 path.c:254 0x123fc479 24
2 path.c:178 0x123fc479 24
1 dynarray.c:84 0x123fcd79 24
2 dynarray.c:95 0x123fcc59 16
2 path.c:191 0x123fb849 5
2 path.c:205 0x123fc859 2
2 path.c:205 0x123fbc29 3
3 path.c:223 0x123fb849 0x123fb849 5 5
4 path.c:246 0x123fb849 5
4 path.c:31 0x123fc859 2
4 path.c:31 0x123fbc29 3
4 dynarray.c:112 0x123fcc59 16
4 dynarray.c:113 0x123fcd79 24
4 path.c:254 0x123fc479 24
2 path.c:178 0x123fc479 24
1 dynarray.c:84 0x123fcd49 24
2 dynarray.c:95 0x123fcd79 16
2 path.c:191 0x123fbc29 5
2 path.c:205 0x123fc859 2
2 path.c:205 0x123fb849 3
3 path.c:223 0x123fbc29 0x123fbc29 5 5
1 bdtBad5.c:143 0x123fc509 32
2 path.c:178 0x123fba49 24
1 dynarray.c:84 0x123fcc59 24
2 dynarray.c:95 0x123fb5f9 16
2 path.c:191 0x123fbaa9 5
2 path.c:205 0x123fbac9 2
2 path.c:205 0x123fc979 3
3 path.c:223 0x123fbaa9 0x123fbaa9 5 5
4 path.c:246 0x123fbc29 5
4 path.c:31 0x123fc859 2
4 path.c:31 0x123fb849 3
4 dynarray.c:112 0x123fcd79 16
4 dynarray.c:113 0x123fcd49 24
4 path.c:254 0x123fc479 24
4 path.c:246 0x123fbae9 5
4 path.c:31 0x123fc729 2
4 path.c:31 0x123fc959 3
4 dynarray.c:112 0x123fbbf9 16
4 dynarray.c:113 0x123fb599 24
4 path.c:254 0x123fbbc9 24
1 dynarray.c:84 0x123fb819 24
2 dynarray.c:95 0x123fbbc9 24
1 bdtBad5.c:662 0x123fb869 12
4 dynarray.c:112 0x123fbbc9 24
4 dynarray.c:113 0x123fb819 24
4 bdt_client.c:148 0x123fb869 12
2 path.c:128 0x123fb819 24
1 dynarray.c:84 0x123fb599 24
2 dynarray.c:95 0x123fbbc9 16
2 path.c:90 0x123fc959 2
2 path.c:90 0x123fc729 3
1 path.c:143 0x123fb869 5
2 path.c:178 0x123fc479 24
1 dynarray.c:84 0x123fbbf9 24
2 dynarray.c:95 0x123fcd49 16
2 path.c:191 0x123fbae9 5
2 path.c:205 0x123fc859 2
3 path.c:223 0x123fbae9 0x123fbae9 5 2
4 path.c:246 0x123fbae9 2
4 path.c:31 0x123fc859 2
4 dynarray.c:112 0x123fcd49 16
4 dynarray.c:113 0x123fbbf9 24
4 path.c:254 0x123fc479 24
2 path.c:178 0x123fc479 24
1 dynarray.c:84 0x123fcd79 24
2 dynarray.c:95 0x123fbbf9 16
2 path.c:191 0x123fc859 5
2 path.c:205 0x123fbae9 2
2 path.c:205 0x123fbc29 3
3 path.c:223 0x123fc859 0x123fc859 5 5
4 path.c:246 0x123fc859 5
4 path.c:31 0x123fbae9 2
4 path.c:31 0x123fbc29 3
4 dynarray.c:112 0x123fbbf9 16
4 dynarray.c:113 0x123fcd79 24
4 path.c:254 0x123fc479 24
4 path.c:246 0x123fb869 5
4 path.c:31 0x123fc959 2
4 path.c:31 0x123fc729 3
4 dynarray.c:112 0x123fbbc9 16
4 dynarray.c:113 0x123fb599 24
4 path.c:254 0x123fb819 24
4 path.c:246 0x123fbaa9 5
4 path.c:31 0x123fbac9 2
4 path.c:31 0x123fc979 3
4 dynarray.c:112 0x123fb5f9 16
4 dynarray.c:113 0x123fcc59 24
4 path.c:254 0x123fba49 24
4 bdtBad5.c:263 0x123fc509 32
1 dynarray.c:84 0x123fcd49 24
2 dynarray.c:95 0x123fba49 16
1 bdtBad5.c:662 0x123fb849 7
4 dynarray.c:112 0x123fba49 16
4 dynarray.c:113 0x123fcd49 24
4 bdt_client.c:152 0x123fb849 7
2 path.c:128 0x123fcd49 24
1 dynarray.c:84 0x123fcc59 24
2 dynarray.c:95 0x123fba49 16
2 path.c:90 0x123fc979 2
2 path.c:90 0x123fbac9 3
1 path.c:143 0x123fb849 5
2 path.c:178 0x123fb819 24
1 dynarray.c:84 0x123fb5f9 24
2 dynarray.c:95 0x123fb599 16
2 path.c:191 0x123fbaa9 5
2 path.c:205 0x123fc959 2
3 path.c:223 0x123fbaa9 0x123fbaa9 5 2
4 path.c:246 0x123fbaa9 2
4 path.c:31 0x123fc959 2
4 dynarray.c:112 0x123fb599 16
4 dynarray.c:113 0x123fb5f9 24
4 path.c:254 0x123fb819 24
2 path.c:178 0x123fb819 24
1 dynarray.c:84 0x123fbbc9 24
2 dynarray.c:95 0x123fb5f9 16
2 path.c:191 0x123fc959 5
2 path.c:205 0x123fbaa9 2
2 path.c:205 0x123fb869 3
3 path.c:223 0x123fc959 0x123fc959 5 5
4 path.c:246 0x123fc959 5
4 path.c:31 0x123fbaa9 2
4 path.c:31 0x123fb869 3
4 dynarray.c:112 0x123fb5f9 16
4 dynarray.c:113 0x123fbbc9 24
4 path.c:254 0x123fb819 24
2 path.c:178 0x123fb819 24
1 dynarray.c:84 0x123fb599 24
2 dynarray.c:95 0x123fbbc9 16
2 path.c:191 0x123fb869 5
2 path.c:205 0x123fbaa9 2
2 path.c:205 0x123fc959 3
3 path.c:223 0x123fb869 0x123fb869 5 5
1 bdtBad5.c:143 0x123fc509 32
2 path.c:178 0x123fc479 24
1 dynarray.c:84 0x123fb5f9 24
2 dynarray.c:95 0x123fcd79 16
2 path.c:191 0x123fbc29 5
2 path.c:205 0x123fbae9 2
2 path.c:205 0x123fc859 3
3 path.c:223 0x123fbc29 0x123fbc29 5 5
4 path.c:246 0x123fb869 5
4 path.c:31 0x123fbaa9 2
4 path.c:31 0x123fc959 3
4 dynarray.c:112 0x123fbbc9 16
4 dynarray.c:113 0x123fb599 24
4 path.c:254 0x123fb819 24
4 path.c:246 0x123fb849 5
4 path.c:31 0x123fc979 2
4 path.c:31 0x123fbac9 3
4 dynarray.c:112 0x123fba49 16
4 dynarray.c:113 0x123fcc59 24
4 path.c:254 0x123fcd49 24
1 dynarray.c:84 0x123fbbf9 24
2 dynarray.c:95 0x123fcd49 24
1 bdtBad5.c:662 0x123fc729 12
4 dynarray.c:112 0x123fcd49 24
4 dynarray.c:113 0x123fbbf9 24
4 bdt_client.c:156 0x123fc729 12
2 path.c:128 0x123fbbf9 24
1 dynarray.c:84 0x123fcc59 24
2 dynarray.c:95 0x123fcd49 16
2 path.c:90 0x123fbac9 2
2 path.c:90 0x123fc979 2
1 path.c:143 0x123fc729 4
2 path.c:178 0x123fb819 24
1 dynarray.c:84 0x123fba49 24
2 dynarray.c:95 0x123fb599 16
2 path.c:191 0x123fb849 4
2 path.c:205 0x123fbaa9 2
3 path.c:223 0x123fb849 0x123fb849 4 2
4 path.c:246 0x123fb849 2
4 path.c:31 0x123fbaa9 2
4 dynarray.c:112 0x123fb599 16
4 dynarray.c:113 0x123fba49 24
4 path.c:254 0x123fb819 24
2 path.c:178 0x123fb819 24
1 dynarray.c:84 0x123fbbc9 24
2 dynarray.c:95 0x123fba49 16
2 path.c:191 0x123fbaa9 4
2 path.c:205 0x123fb849 2
2 path.c:205 0x123fb869 2
3 path.c:223 0x123fbaa9 0x123fbaa9 4 4
4 path.c:246 0x123fbaa9 4
4 path.c:31 0x123fb849 2
4 path.c:31 0x123fb869 2
4 dynarray.c:112 0x123fba49 16
4 dynarray.c:113 0x123fbbc9 24
4 path.c:254 0x123fb819 24
4 path.c:246 0x123fc729 4
4 path.c:31 0x123fbac9 2
4 path.c:31 0x123fc979 2
4 dynarray.c:112 0x123fcd49 16
4 dynarray.c:113 0x123fcc59 24
4 path.c:254 0x123fbbf9 24
4 path.c:246 0x123fc6c9 4
4 path.c:31 0x123fc879 2
4 path.c:31 0x123fc9d9 2
4 dynarray.c:112 0x123fcce9 16
4 dynarray.c:113 0x123fb7e9 24
4 path.c:254 0x123fccb9 24
4 bdtBad5.c:263 0x123fc2b9 32
1 dynarray.c:84 0x123fb599 24
2 dynarray.c:95 0x123fccb9 16
1 bdtBad5.c:662 0x123fc959 8
4 dynarray.c:112 0x123fccb9 16
4 dynarray.c:113 0x123fb599 24
4 bdt_client.c:160 0x123fc959 8
4 path.c:246 0x123fbc29 5
4 path.c:31 0x123fbae9 2
4 path.c:31 0x123fc859 3
4 dynarray.c:112 0x123fcd79 16
4 dynarray.c:113 0x123fb5f9 24
4 path.c:254 0x123fc479 24
4 bdtBad5.c:263 0x123fc509 32
4 path.c:246 0x123fbc69 2
4 path.c:31 0x123fbc49 2
4 dynarray.c:112 0x123fb909 16
4 dynarray.c:113 0x123fba79 24
4 path.c:254 0x123fbb99 24
4 bdtBad5.c:263 0x123fc919 32
